   1              		.cpu cortex-m0
   2              		.arch armv6s-m
   3              		.fpu softvfp
   4              		.eabi_attribute 20, 1
   5              		.eabi_attribute 21, 1
   6              		.eabi_attribute 23, 3
   7              		.eabi_attribute 24, 1
   8              		.eabi_attribute 25, 1
   9              		.eabi_attribute 26, 1
  10              		.eabi_attribute 30, 4
  11              		.eabi_attribute 34, 0
  12              		.eabi_attribute 18, 4
  13              		.file	"simpleserial.c"
  14              		.text
  15              	.Ltext0:
  16              		.cfi_sections	.debug_frame
  17              		.file 1 ".././simpleserial/simpleserial.c"
  18              		.section	.text.check_version,"ax",%progbits
  19              		.align	1
  20              		.global	check_version
  21              		.syntax unified
  22              		.code	16
  23              		.thumb_func
  25              	check_version:
  26              	.LVL0:
  27              	.LFB3:
   1:.././simpleserial/simpleserial.c **** // simpleserial.c
   2:.././simpleserial/simpleserial.c **** 
   3:.././simpleserial/simpleserial.c **** #include "simpleserial.h"
   4:.././simpleserial/simpleserial.c **** #include <stdint.h>
   5:.././simpleserial/simpleserial.c **** #include "hal.h"
   6:.././simpleserial/simpleserial.c **** 
   7:.././simpleserial/simpleserial.c **** 
   8:.././simpleserial/simpleserial.c **** #define MAX_SS_CMDS 16
   9:.././simpleserial/simpleserial.c **** static int num_commands = 0;
  10:.././simpleserial/simpleserial.c **** 
  11:.././simpleserial/simpleserial.c **** #define MAX_SS_LEN 256
  12:.././simpleserial/simpleserial.c **** 
  13:.././simpleserial/simpleserial.c **** //#define SS_VER_1_0 0
  14:.././simpleserial/simpleserial.c **** //#define SS_VER_1_1 1
  15:.././simpleserial/simpleserial.c **** //#define SS_VER_2_0 2
  16:.././simpleserial/simpleserial.c **** 
  17:.././simpleserial/simpleserial.c **** 
  18:.././simpleserial/simpleserial.c **** // 0xA6 formerly 
  19:.././simpleserial/simpleserial.c **** #define CW_CRC 0x4D 
  20:.././simpleserial/simpleserial.c **** uint8_t ss_crc(uint8_t *buf, uint8_t len)
  21:.././simpleserial/simpleserial.c **** {
  22:.././simpleserial/simpleserial.c **** 	unsigned int k = 0;
  23:.././simpleserial/simpleserial.c **** 	uint8_t crc = 0x00;
  24:.././simpleserial/simpleserial.c **** 	while (len--) {
  25:.././simpleserial/simpleserial.c **** 		crc ^= *buf++;
  26:.././simpleserial/simpleserial.c **** 		for (k = 0; k < 8; k++) {
  27:.././simpleserial/simpleserial.c **** 			crc = crc & 0x80 ? (crc << 1) ^ CW_CRC: crc << 1;
  28:.././simpleserial/simpleserial.c **** 		}
  29:.././simpleserial/simpleserial.c **** 	}
  30:.././simpleserial/simpleserial.c **** 	return crc;
  31:.././simpleserial/simpleserial.c **** 
  32:.././simpleserial/simpleserial.c **** }
  33:.././simpleserial/simpleserial.c **** 
  34:.././simpleserial/simpleserial.c **** // [B_STUFF, CMD, SCMD, LEN, B_STUFF, DATA..., CRC, TERM]
  35:.././simpleserial/simpleserial.c **** 
  36:.././simpleserial/simpleserial.c **** //#define SS_VER SS_VER_2_0
  37:.././simpleserial/simpleserial.c **** #if SS_VER == SS_VER_2_0
  38:.././simpleserial/simpleserial.c **** #error "SS_VER_2_0 is deprecated! Use SS_VER_2_1 instead."
  39:.././simpleserial/simpleserial.c **** #elif SS_VER == SS_VER_2_1
  40:.././simpleserial/simpleserial.c **** 
  41:.././simpleserial/simpleserial.c **** int hex_decode(int len, char* ascii_buf, uint8_t* data_buf)
  42:.././simpleserial/simpleserial.c **** {
  43:.././simpleserial/simpleserial.c **** 	for(int i = 0; i < len; i++)
  44:.././simpleserial/simpleserial.c **** 	{
  45:.././simpleserial/simpleserial.c **** 		char n_hi = ascii_buf[2*i];
  46:.././simpleserial/simpleserial.c **** 		char n_lo = ascii_buf[2*i+1];
  47:.././simpleserial/simpleserial.c **** 
  48:.././simpleserial/simpleserial.c **** 		if(n_lo >= '0' && n_lo <= '9')
  49:.././simpleserial/simpleserial.c **** 			data_buf[i] = n_lo - '0';
  50:.././simpleserial/simpleserial.c **** 		else if(n_lo >= 'A' && n_lo <= 'F')
  51:.././simpleserial/simpleserial.c **** 			data_buf[i] = n_lo - 'A' + 10;
  52:.././simpleserial/simpleserial.c **** 		else if(n_lo >= 'a' && n_lo <= 'f')
  53:.././simpleserial/simpleserial.c **** 			data_buf[i] = n_lo - 'a' + 10;
  54:.././simpleserial/simpleserial.c **** 		else
  55:.././simpleserial/simpleserial.c **** 			return 1;
  56:.././simpleserial/simpleserial.c **** 
  57:.././simpleserial/simpleserial.c **** 		if(n_hi >= '0' && n_hi <= '9')
  58:.././simpleserial/simpleserial.c **** 			data_buf[i] |= (n_hi - '0') << 4;
  59:.././simpleserial/simpleserial.c **** 		else if(n_hi >= 'A' && n_hi <= 'F')
  60:.././simpleserial/simpleserial.c **** 			data_buf[i] |= (n_hi - 'A' + 10) << 4;
  61:.././simpleserial/simpleserial.c **** 		else if(n_hi >= 'a' && n_hi <= 'f')
  62:.././simpleserial/simpleserial.c **** 			data_buf[i] |= (n_hi - 'a' + 10) << 4;
  63:.././simpleserial/simpleserial.c **** 		else
  64:.././simpleserial/simpleserial.c **** 			return 1;
  65:.././simpleserial/simpleserial.c **** 	}
  66:.././simpleserial/simpleserial.c **** 
  67:.././simpleserial/simpleserial.c **** 	return 0;
  68:.././simpleserial/simpleserial.c **** }
  69:.././simpleserial/simpleserial.c **** 
  70:.././simpleserial/simpleserial.c **** typedef struct ss_cmd
  71:.././simpleserial/simpleserial.c **** {
  72:.././simpleserial/simpleserial.c **** 	char c;
  73:.././simpleserial/simpleserial.c **** 	unsigned int len;
  74:.././simpleserial/simpleserial.c **** 	uint8_t (*fp)(uint8_t, uint8_t, uint8_t, uint8_t *);
  75:.././simpleserial/simpleserial.c **** } ss_cmd;
  76:.././simpleserial/simpleserial.c **** static ss_cmd commands[MAX_SS_CMDS];
  77:.././simpleserial/simpleserial.c **** 
  78:.././simpleserial/simpleserial.c **** void ss_puts(char *x)
  79:.././simpleserial/simpleserial.c **** {
  80:.././simpleserial/simpleserial.c **** 	do {
  81:.././simpleserial/simpleserial.c **** 		putch(*x);
  82:.././simpleserial/simpleserial.c **** 	} while (*++x);
  83:.././simpleserial/simpleserial.c **** }
  84:.././simpleserial/simpleserial.c **** 
  85:.././simpleserial/simpleserial.c **** #define FRAME_BYTE 0x00
  86:.././simpleserial/simpleserial.c **** 
  87:.././simpleserial/simpleserial.c **** uint8_t check_version(uint8_t cmd, uint8_t scmd, uint8_t len, uint8_t *data)
  88:.././simpleserial/simpleserial.c **** {
  89:.././simpleserial/simpleserial.c **** 	uint8_t ver = SS_VER;
  90:.././simpleserial/simpleserial.c **** 	simpleserial_put('r', 1, &ver);
  91:.././simpleserial/simpleserial.c **** 	return SS_ERR_OK;
  92:.././simpleserial/simpleserial.c **** }
  93:.././simpleserial/simpleserial.c **** 
  94:.././simpleserial/simpleserial.c **** uint8_t ss_get_commands(uint8_t cmd, uint8_t scmd, uint8_t len, uint8_t *data)
  95:.././simpleserial/simpleserial.c **** {
  96:.././simpleserial/simpleserial.c ****     uint8_t cmd_chars[MAX_SS_CMDS];
  97:.././simpleserial/simpleserial.c ****     for (uint8_t i = 0; i < (num_commands & 0xFF); i++) {
  98:.././simpleserial/simpleserial.c ****         cmd_chars[i] = commands[i].c;
  99:.././simpleserial/simpleserial.c ****     }
 100:.././simpleserial/simpleserial.c **** 
 101:.././simpleserial/simpleserial.c ****     simpleserial_put('r', num_commands & 0xFF, (void *)cmd_chars);
 102:.././simpleserial/simpleserial.c ****     return 0x00;
 103:.././simpleserial/simpleserial.c **** 
 104:.././simpleserial/simpleserial.c **** }
 105:.././simpleserial/simpleserial.c **** 
 106:.././simpleserial/simpleserial.c **** uint8_t stuff_data(uint8_t *buf, uint8_t len)
 107:.././simpleserial/simpleserial.c **** {
 108:.././simpleserial/simpleserial.c **** 	uint8_t i = 1;
 109:.././simpleserial/simpleserial.c **** 	uint8_t last = 0;
 110:.././simpleserial/simpleserial.c **** 	for (; i < len; i++) {
 111:.././simpleserial/simpleserial.c **** 		if (buf[i] == FRAME_BYTE) {
 112:.././simpleserial/simpleserial.c **** 			buf[last] = i - last;
 113:.././simpleserial/simpleserial.c **** 			last = i;
 114:.././simpleserial/simpleserial.c **** 		}
 115:.././simpleserial/simpleserial.c **** 	}
 116:.././simpleserial/simpleserial.c **** 	return 0x00;
 117:.././simpleserial/simpleserial.c **** }
 118:.././simpleserial/simpleserial.c **** 
 119:.././simpleserial/simpleserial.c **** uint8_t unstuff_data(uint8_t *buf, uint8_t len)
 120:.././simpleserial/simpleserial.c **** {
 121:.././simpleserial/simpleserial.c **** 	uint8_t next = buf[0];
 122:.././simpleserial/simpleserial.c **** 	buf[0] = 0x00;
 123:.././simpleserial/simpleserial.c **** 	//len -= 1;
 124:.././simpleserial/simpleserial.c **** 	uint8_t tmp = next;
 125:.././simpleserial/simpleserial.c **** 	while ((next < len) && tmp != 0) {
 126:.././simpleserial/simpleserial.c **** 		tmp = buf[next];
 127:.././simpleserial/simpleserial.c **** 		buf[next] = FRAME_BYTE;
 128:.././simpleserial/simpleserial.c **** 		next += tmp;
 129:.././simpleserial/simpleserial.c **** 	}
 130:.././simpleserial/simpleserial.c **** 	return next;
 131:.././simpleserial/simpleserial.c **** }
 132:.././simpleserial/simpleserial.c **** 
 133:.././simpleserial/simpleserial.c **** // Set up the SimpleSerial module by preparing internal commands
 134:.././simpleserial/simpleserial.c **** // This just adds the "v" command for now...
 135:.././simpleserial/simpleserial.c **** void simpleserial_init()
 136:.././simpleserial/simpleserial.c **** {
 137:.././simpleserial/simpleserial.c **** 	simpleserial_addcmd('v', 0, check_version);
 138:.././simpleserial/simpleserial.c ****     simpleserial_addcmd('w', 0, ss_get_commands);
 139:.././simpleserial/simpleserial.c **** }
 140:.././simpleserial/simpleserial.c **** 
 141:.././simpleserial/simpleserial.c **** int simpleserial_addcmd(char c, unsigned int len, uint8_t (*fp)(uint8_t, uint8_t, uint8_t, uint8_t*
 142:.././simpleserial/simpleserial.c **** {
 143:.././simpleserial/simpleserial.c **** 	if(num_commands >= MAX_SS_CMDS) {
 144:.././simpleserial/simpleserial.c **** 		putch('a');
 145:.././simpleserial/simpleserial.c **** 		return 1;
 146:.././simpleserial/simpleserial.c **** 	}
 147:.././simpleserial/simpleserial.c **** 
 148:.././simpleserial/simpleserial.c **** 	if(len >= MAX_SS_LEN) {
 149:.././simpleserial/simpleserial.c **** 		putch('b');
 150:.././simpleserial/simpleserial.c **** 		return 1;
 151:.././simpleserial/simpleserial.c **** 	}
 152:.././simpleserial/simpleserial.c **** 
 153:.././simpleserial/simpleserial.c **** 	commands[num_commands].c   = c;
 154:.././simpleserial/simpleserial.c **** 	commands[num_commands].len = len;
 155:.././simpleserial/simpleserial.c **** 	commands[num_commands].fp  = fp;
 156:.././simpleserial/simpleserial.c **** 	num_commands++;
 157:.././simpleserial/simpleserial.c **** 
 158:.././simpleserial/simpleserial.c **** 	return 0;
 159:.././simpleserial/simpleserial.c **** }
 160:.././simpleserial/simpleserial.c **** 
 161:.././simpleserial/simpleserial.c **** void simpleserial_get(void)
 162:.././simpleserial/simpleserial.c **** {
 163:.././simpleserial/simpleserial.c **** 	uint8_t data_buf[MAX_SS_LEN];
 164:.././simpleserial/simpleserial.c **** 	uint8_t err = 0;
 165:.././simpleserial/simpleserial.c **** 
 166:.././simpleserial/simpleserial.c **** 	for (int i = 0; i < 4; i++) {
 167:.././simpleserial/simpleserial.c **** 		data_buf[i] = getch(); //PTR, cmd, scmd, len
 168:.././simpleserial/simpleserial.c **** 		if (data_buf[i] == FRAME_BYTE) {
 169:.././simpleserial/simpleserial.c **** 			err = SS_ERR_FRAME_BYTE;
 170:.././simpleserial/simpleserial.c **** 			goto ERROR;
 171:.././simpleserial/simpleserial.c **** 		}
 172:.././simpleserial/simpleserial.c **** 	}
 173:.././simpleserial/simpleserial.c **** 	uint8_t next_frame = unstuff_data(data_buf, 4);
 174:.././simpleserial/simpleserial.c **** 
 175:.././simpleserial/simpleserial.c **** 	// check for valid command
 176:.././simpleserial/simpleserial.c **** 	uint8_t c = 0;
 177:.././simpleserial/simpleserial.c **** 	for(c = 0; c < num_commands; c++)
 178:.././simpleserial/simpleserial.c **** 	{
 179:.././simpleserial/simpleserial.c **** 		if(commands[c].c == data_buf[1])
 180:.././simpleserial/simpleserial.c **** 			break;
 181:.././simpleserial/simpleserial.c **** 	}
 182:.././simpleserial/simpleserial.c **** 
 183:.././simpleserial/simpleserial.c **** 	if (c == num_commands) {
 184:.././simpleserial/simpleserial.c **** 		err = SS_ERR_CMD;
 185:.././simpleserial/simpleserial.c **** 		goto ERROR;
 186:.././simpleserial/simpleserial.c **** 	}
 187:.././simpleserial/simpleserial.c **** 
 188:.././simpleserial/simpleserial.c **** 	//check that next frame not beyond end of message
 189:.././simpleserial/simpleserial.c **** 	// account for cmd, scmd, len, data, crc, end of frame
 190:.././simpleserial/simpleserial.c **** 	if ((data_buf[3] + 5) < next_frame) {
 191:.././simpleserial/simpleserial.c **** 		err = SS_ERR_LEN;
 192:.././simpleserial/simpleserial.c **** 		goto ERROR;
 193:.././simpleserial/simpleserial.c **** 	}
 194:.././simpleserial/simpleserial.c **** 
 195:.././simpleserial/simpleserial.c **** 	// read in data
 196:.././simpleserial/simpleserial.c **** 	// eq to len + crc + frame end
 197:.././simpleserial/simpleserial.c **** 	int i = 4;
 198:.././simpleserial/simpleserial.c **** 	for (; i < data_buf[3] + 5; i++) {
 199:.././simpleserial/simpleserial.c **** 		data_buf[i] = getch();
 200:.././simpleserial/simpleserial.c **** 		if (data_buf[i] == FRAME_BYTE) {
 201:.././simpleserial/simpleserial.c **** 			err = SS_ERR_FRAME_BYTE;
 202:.././simpleserial/simpleserial.c **** 			goto ERROR;
 203:.././simpleserial/simpleserial.c **** 		}
 204:.././simpleserial/simpleserial.c **** 	}
 205:.././simpleserial/simpleserial.c **** 
 206:.././simpleserial/simpleserial.c **** 	//check that final byte is the FRAME_BYTE
 207:.././simpleserial/simpleserial.c **** 	data_buf[i] = getch();
 208:.././simpleserial/simpleserial.c **** 	if (data_buf[i] != FRAME_BYTE) {
 209:.././simpleserial/simpleserial.c **** 		err = SS_ERR_LEN;
 210:.././simpleserial/simpleserial.c **** 		goto ERROR;
 211:.././simpleserial/simpleserial.c **** 	}
 212:.././simpleserial/simpleserial.c **** 
 213:.././simpleserial/simpleserial.c **** 	//fully unstuff data now
 214:.././simpleserial/simpleserial.c **** 	unstuff_data(data_buf + next_frame, i - next_frame + 1);
 215:.././simpleserial/simpleserial.c **** 
 216:.././simpleserial/simpleserial.c **** 	//calc crc excluding original frame offset and frame end and crc
 217:.././simpleserial/simpleserial.c **** 	uint8_t crc = ss_crc(data_buf+1, i-2);
 218:.././simpleserial/simpleserial.c **** 	if (crc != data_buf[i-1]) {
 219:.././simpleserial/simpleserial.c **** 		err = SS_ERR_CRC;
 220:.././simpleserial/simpleserial.c **** 		goto ERROR;
 221:.././simpleserial/simpleserial.c **** 	}
 222:.././simpleserial/simpleserial.c **** 
 223:.././simpleserial/simpleserial.c **** 	err = commands[c].fp(data_buf[1], data_buf[2], data_buf[3], data_buf+4);
 224:.././simpleserial/simpleserial.c **** 
 225:.././simpleserial/simpleserial.c **** ERROR:
 226:.././simpleserial/simpleserial.c **** 	simpleserial_put('e', 0x01, &err);
 227:.././simpleserial/simpleserial.c **** 	return;
 228:.././simpleserial/simpleserial.c **** }
 229:.././simpleserial/simpleserial.c **** 
 230:.././simpleserial/simpleserial.c **** void simpleserial_put(char c, uint8_t size, uint8_t* output)
 231:.././simpleserial/simpleserial.c **** {
 232:.././simpleserial/simpleserial.c **** 	uint8_t data_buf[MAX_SS_LEN];
 233:.././simpleserial/simpleserial.c **** 	data_buf[0] = 0x00;
 234:.././simpleserial/simpleserial.c **** 	data_buf[1] = c;
 235:.././simpleserial/simpleserial.c **** 	data_buf[2] = size;
 236:.././simpleserial/simpleserial.c **** 	int i = 0;
 237:.././simpleserial/simpleserial.c **** 	for (; i < size; i++) {
 238:.././simpleserial/simpleserial.c **** 		data_buf[i + 3] = output[i];
 239:.././simpleserial/simpleserial.c **** 	}
 240:.././simpleserial/simpleserial.c **** 	data_buf[i + 3] = ss_crc(data_buf+1, size+2);
 241:.././simpleserial/simpleserial.c **** 	data_buf[i + 4] = 0x00;
 242:.././simpleserial/simpleserial.c **** 	stuff_data(data_buf, i + 5);
 243:.././simpleserial/simpleserial.c **** 	for (int i = 0; i < size + 5; i++) {
 244:.././simpleserial/simpleserial.c **** 		putch(data_buf[i]);
 245:.././simpleserial/simpleserial.c **** 	}
 246:.././simpleserial/simpleserial.c **** }
 247:.././simpleserial/simpleserial.c **** 
 248:.././simpleserial/simpleserial.c **** 
 249:.././simpleserial/simpleserial.c **** #else
 250:.././simpleserial/simpleserial.c **** 
 251:.././simpleserial/simpleserial.c **** typedef struct ss_cmd
 252:.././simpleserial/simpleserial.c **** {
 253:.././simpleserial/simpleserial.c **** 	char c;
 254:.././simpleserial/simpleserial.c **** 	unsigned int len;
 255:.././simpleserial/simpleserial.c **** 	uint8_t (*fp)(uint8_t*, uint8_t);
 256:.././simpleserial/simpleserial.c **** 	uint8_t flags;
 257:.././simpleserial/simpleserial.c **** } ss_cmd;
 258:.././simpleserial/simpleserial.c **** static ss_cmd commands[MAX_SS_CMDS];
 259:.././simpleserial/simpleserial.c **** // Callback function for "v" command.
 260:.././simpleserial/simpleserial.c **** // This can exist in v1.0 as long as we don't actually send back an ack ("z")
 261:.././simpleserial/simpleserial.c **** uint8_t check_version(uint8_t *v, uint8_t len)
 262:.././simpleserial/simpleserial.c **** {
  28              		.loc 1 262 1 view -0
  29              		.cfi_startproc
  30              		@ args = 0, pretend = 0, frame = 0
  31              		@ frame_needed = 0, uses_anonymous_args = 0
  32              		@ link register save eliminated.
 263:.././simpleserial/simpleserial.c **** 	return SS_VER;
  33              		.loc 1 263 2 view .LVU1
 264:.././simpleserial/simpleserial.c **** }
  34              		.loc 1 264 1 is_stmt 0 view .LVU2
  35 0000 0120     		movs	r0, #1
  36              	.LVL1:
  37              		.loc 1 264 1 view .LVU3
  38              		@ sp needed
  39 0002 7047     		bx	lr
  40              		.cfi_endproc
  41              	.LFE3:
  43              		.section	.text.led_ok,"ax",%progbits
  44              		.align	1
  45              		.weak	led_ok
  46              		.syntax unified
  47              		.code	16
  48              		.thumb_func
  50              	led_ok:
  51              	.LFB13:
  52              		.cfi_startproc
  53              		.file 2 ".././hal/hal.h"
   1:.././hal/hal.h **** /*
   2:.././hal/hal.h ****     This file is part of the ChipWhisperer Example Targets
   3:.././hal/hal.h ****     Copyright (C) 2012-2015 NewAE Technology Inc.
   4:.././hal/hal.h **** 
   5:.././hal/hal.h ****     This program is free software: you can redistribute it and/or modify
   6:.././hal/hal.h ****     it under the terms of the GNU General Public License as published by
   7:.././hal/hal.h ****     the Free Software Foundation, either version 3 of the License, or
   8:.././hal/hal.h ****     (at your option) any later version.
   9:.././hal/hal.h **** 
  10:.././hal/hal.h ****     This program is distributed in the hope that it will be useful,
  11:.././hal/hal.h ****     but WITHOUT ANY WARRANTY; without even the implied warranty of
  12:.././hal/hal.h ****     MERCHANTABILITY or FITNESS FOR A PARTICULAR PURPOSE.  See the
  13:.././hal/hal.h ****     GNU General Public License for more details.
  14:.././hal/hal.h **** 
  15:.././hal/hal.h ****     You should have received a copy of the GNU General Public License
  16:.././hal/hal.h ****     along with this program.  If not, see <http://www.gnu.org/licenses/>.
  17:.././hal/hal.h **** */
  18:.././hal/hal.h **** 
  19:.././hal/hal.h **** #ifndef HAL_H_
  20:.././hal/hal.h **** #define HAL_H_
  21:.././hal/hal.h **** 
  22:.././hal/hal.h **** #include <stdint.h>
  23:.././hal/hal.h **** 
  24:.././hal/hal.h **** void platform_init(void);
  25:.././hal/hal.h **** 
  26:.././hal/hal.h **** //PLATFORM Define Types
  27:.././hal/hal.h **** #define CW301_AVR      1
  28:.././hal/hal.h **** #define CW301_XMEGA    2
  29:.././hal/hal.h **** #define CW303          3
  30:.././hal/hal.h **** #define CW304          4
  31:.././hal/hal.h **** #define CW308_MEGARF   8
  32:.././hal/hal.h **** #define CW308_PIC24FJ  10
  33:.././hal/hal.h **** #define CW308_SAM4L    11
  34:.././hal/hal.h **** #define CW308_SI4010   12
  35:.././hal/hal.h **** #define CW308_MPC5748G 13
  36:.././hal/hal.h **** #define CW308_STM32F0  14
  37:.././hal/hal.h **** #define CW308_STM32F1  15
  38:.././hal/hal.h **** #define CW308_STM32F2  16
  39:.././hal/hal.h **** #define CW308_STM32F3  17
  40:.././hal/hal.h **** #define CW308_STM32F4  18
  41:.././hal/hal.h **** #define CW308_CC2538   19
  42:.././hal/hal.h **** #define CW308_K24F     20
  43:.././hal/hal.h **** #define CW308_NRF52840 21
  44:.././hal/hal.h **** #define CW308_AURIX    22
  45:.././hal/hal.h **** #define CW308_SAML11   23
  46:.././hal/hal.h **** #define CW308_EFM32TG11B 24
  47:.././hal/hal.h **** #define CW308_K82F     25
  48:.././hal/hal.h **** #define CW308_LPC55S6X 26
  49:.././hal/hal.h **** #define CW308_PSOC62   27
  50:.././hal/hal.h **** #define CW308_IMXRT1062 28
  51:.././hal/hal.h **** #define CW308_FE310    29
  52:.././hal/hal.h **** #define CW308_EFR32MG21A  30
  53:.././hal/hal.h **** #define CW308_EFM32GG11  31
  54:.././hal/hal.h **** #define CW308_STM32L5  32
  55:.././hal/hal.h **** #define CW308_STM32L4  33
  56:.././hal/hal.h **** #define CW308_RX65N  34
  57:.././hal/hal.h **** #define CW308_MPC5676R 35
  58:.././hal/hal.h **** #define CW308_NEORV32  36
  59:.././hal/hal.h **** #define CW305_IBEX  37
  60:.././hal/hal.h **** 
  61:.././hal/hal.h **** //HAL_TYPE Define Types
  62:.././hal/hal.h **** #define HAL_avr      1
  63:.././hal/hal.h **** #define HAL_xmega    2
  64:.././hal/hal.h **** #define HAL_pic24f   3
  65:.././hal/hal.h **** #define HAL_sam4l    4
  66:.././hal/hal.h **** #define HAL_stm32f0  5
  67:.././hal/hal.h **** #define HAL_stm32f1  6
  68:.././hal/hal.h **** #define HAL_stm32f2  7
  69:.././hal/hal.h **** #define HAL_stm32f3  8
  70:.././hal/hal.h **** #define HAL_stm32f4  9
  71:.././hal/hal.h **** #define HAL_cc2538   10
  72:.././hal/hal.h **** #define HAL_k24f     11
  73:.././hal/hal.h **** #define HAL_nrf52840 12
  74:.././hal/hal.h **** #define HAL_stm32f0_nano 13
  75:.././hal/hal.h **** #define HAL_aurix    14
  76:.././hal/hal.h **** #define HAL_saml11   15
  77:.././hal/hal.h **** #define HAL_efm32tg11b 16
  78:.././hal/hal.h **** #define HAL_k82f     17
  79:.././hal/hal.h **** #define HAL_lpc55s6x 18
  80:.././hal/hal.h **** #define HAL_psoc62   19
  81:.././hal/hal.h **** #define HAL_imxrt1062 20
  82:.././hal/hal.h **** #define HAL_fe310    21
  83:.././hal/hal.h **** #define HAL_efr32mg21a 22
  84:.././hal/hal.h **** #define HAL_efm32gg11 23
  85:.././hal/hal.h **** #define HAL_stm32l5 24
  86:.././hal/hal.h **** #define HAL_stm32l4 25
  87:.././hal/hal.h **** #define HAL_rx65n 26
  88:.././hal/hal.h **** #define HAL_mpc5676r 27
  89:.././hal/hal.h **** #define HAL_neorv32  28
  90:.././hal/hal.h **** #define HAL_sam4s  29
  91:.././hal/hal.h **** #define HAL_ibex  30
  92:.././hal/hal.h **** 
  93:.././hal/hal.h **** #if HAL_TYPE == HAL_avr
  94:.././hal/hal.h ****     #include <avr/io.h>
  95:.././hal/hal.h ****     #include <util/delay.h>
  96:.././hal/hal.h ****     #include "avr/avr_hal.h"
  97:.././hal/hal.h **** #elif HAL_TYPE == HAL_xmega
  98:.././hal/hal.h ****     #include <avr/io.h>
  99:.././hal/hal.h ****     #include <util/delay.h>
 100:.././hal/hal.h ****     #include "xmega/xmega_hal.h"
 101:.././hal/hal.h ****     #include "xmega/avr_compiler.h"
 102:.././hal/hal.h **** #elif HAL_TYPE == HAL_pic24f
 103:.././hal/hal.h ****     #include <xc.h>
 104:.././hal/hal.h ****     #include "pic24f/pic24f_hal.h"
 105:.././hal/hal.h ****     #include "pic24f/uart.h"
 106:.././hal/hal.h **** #elif HAL_TYPE == HAL_sam4l
 107:.././hal/hal.h ****     #include "sam4l/sam4l_hal.h"
 108:.././hal/hal.h **** #elif HAL_TYPE == HAL_stm32f0
 109:.././hal/hal.h **** 	#include "stm32f0/stm32f0_hal.h"
 110:.././hal/hal.h **** #elif HAL_TYPE == HAL_stm32f1
 111:.././hal/hal.h **** 	#include "stm32f1/stm32f1_hal.h"
 112:.././hal/hal.h **** #elif HAL_TYPE == HAL_stm32f2
 113:.././hal/hal.h **** 	#include "stm32f2/stm32f2_hal.h"
 114:.././hal/hal.h **** #elif HAL_TYPE == HAL_stm32f3
 115:.././hal/hal.h **** 	#include "stm32f3/stm32f3_hal.h"
 116:.././hal/hal.h **** 	#ifdef SECCAN
 117:.././hal/hal.h **** 		#include "stm32f3/stm32f3_hal_seccan.h"
 118:.././hal/hal.h **** 	#endif
 119:.././hal/hal.h **** #elif HAL_TYPE == HAL_stm32f4
 120:.././hal/hal.h **** 	#include "stm32f4/stm32f4_hal.h"
 121:.././hal/hal.h **** #elif HAL_TYPE == HAL_cc2538
 122:.././hal/hal.h **** 	#include "cc2538/cc2538_hal.h"
 123:.././hal/hal.h **** #elif HAL_TYPE == HAL_k24f
 124:.././hal/hal.h ****     #include "k24f/k24f_hal.h"
 125:.././hal/hal.h **** #elif HAL_TYPE == HAL_k82f
 126:.././hal/hal.h **** #include "k82f/k82f_hal.h"
 127:.././hal/hal.h **** #elif HAL_TYPE == HAL_nrf52840
 128:.././hal/hal.h ****     #include "nrf52840/nrf52840_hal.h"   
 129:.././hal/hal.h **** #elif HAL_TYPE == HAL_stm32f0_nano
 130:.././hal/hal.h ****     #include "stm32f0/stm32f0_hal.h" 
 131:.././hal/hal.h ****     void led_error(unsigned int status);
 132:.././hal/hal.h ****     void led_ok(unsigned int status);
 133:.././hal/hal.h **** #elif HAL_TYPE == HAL_aurix
 134:.././hal/hal.h ****     #include "aurix/aurix_hal.h"
 135:.././hal/hal.h **** #elif HAL_TYPE == HAL_saml11
 136:.././hal/hal.h ****      #include "saml11/saml11_hal.h"
 137:.././hal/hal.h **** #elif HAL_TYPE == HAL_efm32tg11b
 138:.././hal/hal.h ****      #include "efm32tg11b/efm32tg11b_hal.h"
 139:.././hal/hal.h **** #elif HAL_TYPE == HAL_lpc55s6x
 140:.././hal/hal.h ****      #include "lpc55s6x/lpc55s6x_hal.h"
 141:.././hal/hal.h **** #elif HAL_TYPE == HAL_psoc62
 142:.././hal/hal.h ****     #include "psoc62/psoc62_hal.h"
 143:.././hal/hal.h **** #elif HAL_TYPE == HAL_imxrt1062
 144:.././hal/hal.h ****     #include "imxrt1062/imxrt1062_hal.h"
 145:.././hal/hal.h **** #elif HAL_TYPE == HAL_fe310
 146:.././hal/hal.h ****     #include "fe310/fe310_hal.h"
 147:.././hal/hal.h **** #elif HAL_TYPE == HAL_efr32mg21a
 148:.././hal/hal.h ****     #include "efr32mg21a/efr32mg21a_hal.h"
 149:.././hal/hal.h **** #elif HAL_TYPE == HAL_efm32gg11
 150:.././hal/hal.h ****     #include "efm32gg11/efm32gg11_hal.h"
 151:.././hal/hal.h **** #elif HAL_TYPE == HAL_stm32l5
 152:.././hal/hal.h ****     #include "stm32l5/stm32l5_hal.h"
 153:.././hal/hal.h **** #elif HAL_TYPE == HAL_stm32l4
 154:.././hal/hal.h ****     #include "stm32l4/stm32l4_hal.h"
 155:.././hal/hal.h **** #elif HAL_TYPE == HAL_rx65n
 156:.././hal/hal.h ****     #include "rx65n/rx65n_hal.h"
 157:.././hal/hal.h **** #elif HAL_TYPE == HAL_mpc5676r
 158:.././hal/hal.h ****     #include "mpc5676r/MPC5676R_hal.h"
 159:.././hal/hal.h **** #elif HAL_TYPE == HAL_neorv32
 160:.././hal/hal.h ****     #include "neorv32/neorv32_hal.h"
 161:.././hal/hal.h **** #elif HAL_TYPE == HAL_sam4s
 162:.././hal/hal.h ****     #include "sam4s/sam4s_hal.h"
 163:.././hal/hal.h **** #elif HAL_TYPE == HAL_ibex
 164:.././hal/hal.h ****     #include "ibex/ibex_hal.h"
 165:.././hal/hal.h **** #else
 166:.././hal/hal.h ****     #error "Unsupported HAL Type"
 167:.././hal/hal.h **** #endif
 168:.././hal/hal.h **** 
 169:.././hal/hal.h **** #if PLATFORM == CW308_MEGARF
 170:.././hal/hal.h ****     #undef trigger_setup
 171:.././hal/hal.h ****     #undef trigger_high
 172:.././hal/hal.h ****     #undef trigger_low
 173:.././hal/hal.h ****     #define trigger_setup() DDRD |= 0x02
 174:.././hal/hal.h ****     #define trigger_high()  PORTD |= 0x02
 175:.././hal/hal.h ****     #define trigger_low()   PORTD &= ~(0x02)
 176:.././hal/hal.h ****     
 177:.././hal/hal.h ****     #define HW_AES128_Init();      AES_CTRL = 0x00;
 178:.././hal/hal.h **** 
 179:.././hal/hal.h ****     #define HW_AES128_LoadKey(key);  for (uint8_t i = 0; i < 16; i++){ \
 180:.././hal/hal.h ****                                      AES_KEY = *(key+i); \
 181:.././hal/hal.h ****                                   }
 182:.././hal/hal.h **** 
 183:.././hal/hal.h ****     #define HW_AES128_Enc(pt);  for (uint8_t i = 0; i < 16; i++){ \
 184:.././hal/hal.h ****                                     AES_STATE = *(pt+i); \
 185:.././hal/hal.h ****                                 } \
 186:.././hal/hal.h ****                                   \
 187:.././hal/hal.h ****                                 AES_CTRL |= 1<<AES_REQUEST; \
 188:.././hal/hal.h ****                                   \
 189:.././hal/hal.h ****                                 /*Wait for done  */ \
 190:.././hal/hal.h ****                                 while ((AES_STATUS & (1<<AES_DONE)) == 0){ \
 191:.././hal/hal.h ****                                     ; \
 192:.././hal/hal.h ****                                 } \
 193:.././hal/hal.h ****                                   \
 194:.././hal/hal.h ****                                 for (uint8_t i = 0; i < 16; i++){ \
 195:.././hal/hal.h ****                                     *(pt+i) = AES_STATE; \
 196:.././hal/hal.h ****                                 }
 197:.././hal/hal.h ****     
 198:.././hal/hal.h **** #endif
 199:.././hal/hal.h **** 
 200:.././hal/hal.h **** __attribute__((weak)) void led_ok(unsigned int status)
  54              		.loc 2 200 28 is_stmt 1 view -0
  55              		@ args = 0, pretend = 0, frame = 0
  56              		@ frame_needed = 0, uses_anonymous_args = 0
  57              		@ link register save eliminated.
  58              		@ sp needed
  59 0000 7047     		bx	lr
  60              		.cfi_endproc
  61              	.LFE13:
  63              		.section	.text.led_error,"ax",%progbits
  64              		.align	1
  65              		.weak	led_error
  66              		.syntax unified
  67              		.code	16
  68              		.thumb_func
  70              	led_error:
  71              	.LVL2:
  72              	.LFB1:
 201:.././hal/hal.h **** {
 202:.././hal/hal.h **** }
 203:.././hal/hal.h **** 
 204:.././hal/hal.h **** __attribute__((weak)) void led_error(unsigned int status)
 205:.././hal/hal.h **** {
  73              		.loc 2 205 1 view -0
  74              		.cfi_startproc
  75              		@ args = 0, pretend = 0, frame = 0
  76              		@ frame_needed = 0, uses_anonymous_args = 0
  77              		@ link register save eliminated.
 206:.././hal/hal.h **** }
  78              		.loc 2 206 1 view .LVU6
  79              		@ sp needed
  80 0000 7047     		bx	lr
  81              		.cfi_endproc
  82              	.LFE1:
  84              		.section	.text.ss_crc,"ax",%progbits
  85              		.align	1
  86              		.global	ss_crc
  87              		.syntax unified
  88              		.code	16
  89              		.thumb_func
  91              	ss_crc:
  92              	.LVL3:
  93              	.LFB2:
  21:.././simpleserial/simpleserial.c **** 	unsigned int k = 0;
  94              		.loc 1 21 1 view -0
  95              		.cfi_startproc
  96              		@ args = 0, pretend = 0, frame = 0
  97              		@ frame_needed = 0, uses_anonymous_args = 0
  22:.././simpleserial/simpleserial.c **** 	uint8_t crc = 0x00;
  98              		.loc 1 22 2 view .LVU8
  23:.././simpleserial/simpleserial.c **** 	while (len--) {
  99              		.loc 1 23 2 view .LVU9
  24:.././simpleserial/simpleserial.c **** 		crc ^= *buf++;
 100              		.loc 1 24 2 view .LVU10
 101 0000 0300     		movs	r3, r0
  21:.././simpleserial/simpleserial.c **** 	unsigned int k = 0;
 102              		.loc 1 21 1 is_stmt 0 view .LVU11
 103 0002 30B5     		push	{r4, r5, lr}
 104              	.LCFI0:
 105              		.cfi_def_cfa_offset 12
 106              		.cfi_offset 4, -12
 107              		.cfi_offset 5, -8
 108              		.cfi_offset 14, -4
 109 0004 4118     		adds	r1, r0, r1
 110              	.LVL4:
  27:.././simpleserial/simpleserial.c **** 		}
 111              		.loc 1 27 34 discriminator 1 view .LVU12
 112 0006 4D25     		movs	r5, #77
  23:.././simpleserial/simpleserial.c **** 	while (len--) {
 113              		.loc 1 23 10 view .LVU13
 114 0008 0020     		movs	r0, #0
 115              	.LVL5:
 116              	.L5:
  24:.././simpleserial/simpleserial.c **** 		crc ^= *buf++;
 117              		.loc 1 24 9 is_stmt 1 view .LVU14
  24:.././simpleserial/simpleserial.c **** 		crc ^= *buf++;
 118              		.loc 1 24 9 is_stmt 0 view .LVU15
 119 000a 8B42     		cmp	r3, r1
 120 000c 00D1     		bne	.L9
  30:.././simpleserial/simpleserial.c **** 
 121              		.loc 1 30 2 is_stmt 1 view .LVU16
  32:.././simpleserial/simpleserial.c **** 
 122              		.loc 1 32 1 is_stmt 0 view .LVU17
 123              		@ sp needed
 124 000e 30BD     		pop	{r4, r5, pc}
 125              	.L9:
  25:.././simpleserial/simpleserial.c **** 		for (k = 0; k < 8; k++) {
 126              		.loc 1 25 3 is_stmt 1 view .LVU18
 127              	.LVL6:
  25:.././simpleserial/simpleserial.c **** 		for (k = 0; k < 8; k++) {
 128              		.loc 1 25 7 is_stmt 0 view .LVU19
 129 0010 0824     		movs	r4, #8
 130 0012 1A78     		ldrb	r2, [r3]
 131 0014 5040     		eors	r0, r2
 132              	.LVL7:
  26:.././simpleserial/simpleserial.c **** 			crc = crc & 0x80 ? (crc << 1) ^ CW_CRC: crc << 1;
 133              		.loc 1 26 3 is_stmt 1 view .LVU20
  26:.././simpleserial/simpleserial.c **** 			crc = crc & 0x80 ? (crc << 1) ^ CW_CRC: crc << 1;
 134              		.loc 1 26 17 discriminator 1 view .LVU21
 135              	.L8:
  27:.././simpleserial/simpleserial.c **** 		}
 136              		.loc 1 27 4 view .LVU22
  27:.././simpleserial/simpleserial.c **** 		}
 137              		.loc 1 27 21 is_stmt 0 view .LVU23
 138 0016 42B2     		sxtb	r2, r0
  27:.././simpleserial/simpleserial.c **** 		}
 139              		.loc 1 27 8 discriminator 2 view .LVU24
 140 0018 4000     		lsls	r0, r0, #1
 141              	.LVL8:
  27:.././simpleserial/simpleserial.c **** 		}
 142              		.loc 1 27 8 discriminator 2 view .LVU25
 143 001a C0B2     		uxtb	r0, r0
  27:.././simpleserial/simpleserial.c **** 		}
 144              		.loc 1 27 8 view .LVU26
 145 001c 002A     		cmp	r2, #0
 146 001e 02DA     		bge	.L7
  27:.././simpleserial/simpleserial.c **** 		}
 147              		.loc 1 27 34 discriminator 1 view .LVU27
 148 0020 5200     		lsls	r2, r2, #1
 149              	.LVL9:
  27:.././simpleserial/simpleserial.c **** 		}
 150              		.loc 1 27 34 discriminator 1 view .LVU28
 151 0022 6A40     		eors	r2, r5
  27:.././simpleserial/simpleserial.c **** 		}
 152              		.loc 1 27 8 discriminator 1 view .LVU29
 153 0024 D0B2     		uxtb	r0, r2
 154              	.L7:
 155              	.LVL10:
  26:.././simpleserial/simpleserial.c **** 			crc = crc & 0x80 ? (crc << 1) ^ CW_CRC: crc << 1;
 156              		.loc 1 26 23 is_stmt 1 discriminator 2 view .LVU30
  26:.././simpleserial/simpleserial.c **** 			crc = crc & 0x80 ? (crc << 1) ^ CW_CRC: crc << 1;
 157              		.loc 1 26 17 discriminator 1 view .LVU31
 158 0026 013C     		subs	r4, r4, #1
 159              	.LVL11:
  26:.././simpleserial/simpleserial.c **** 			crc = crc & 0x80 ? (crc << 1) ^ CW_CRC: crc << 1;
 160              		.loc 1 26 17 is_stmt 0 discriminator 1 view .LVU32
 161 0028 002C     		cmp	r4, #0
 162 002a F4D1     		bne	.L8
 163 002c 0133     		adds	r3, r3, #1
 164              	.LVL12:
  26:.././simpleserial/simpleserial.c **** 			crc = crc & 0x80 ? (crc << 1) ^ CW_CRC: crc << 1;
 165              		.loc 1 26 17 discriminator 1 view .LVU33
 166 002e ECE7     		b	.L5
 167              		.cfi_endproc
 168              	.LFE2:
 170              		.section	.text.hex_decode,"ax",%progbits
 171              		.align	1
 172              		.global	hex_decode
 173              		.syntax unified
 174              		.code	16
 175              		.thumb_func
 177              	hex_decode:
 178              	.LVL13:
 179              	.LFB6:
 265:.././simpleserial/simpleserial.c **** 
 266:.././simpleserial/simpleserial.c **** uint8_t ss_num_commands(uint8_t *x, uint8_t len)
 267:.././simpleserial/simpleserial.c **** {
 268:.././simpleserial/simpleserial.c ****     uint8_t ncmds = num_commands & 0xFF;
 269:.././simpleserial/simpleserial.c ****     simpleserial_put('r', 0x01, &ncmds);
 270:.././simpleserial/simpleserial.c ****     return 0x00;
 271:.././simpleserial/simpleserial.c **** }
 272:.././simpleserial/simpleserial.c **** 
 273:.././simpleserial/simpleserial.c **** typedef struct ss_cmd_repr {
 274:.././simpleserial/simpleserial.c ****     uint8_t c;
 275:.././simpleserial/simpleserial.c ****     uint8_t len;
 276:.././simpleserial/simpleserial.c ****     uint8_t flags;
 277:.././simpleserial/simpleserial.c **** } ss_cmd_repr;
 278:.././simpleserial/simpleserial.c **** 
 279:.././simpleserial/simpleserial.c **** uint8_t ss_get_commands(uint8_t *x, uint8_t len)
 280:.././simpleserial/simpleserial.c **** {
 281:.././simpleserial/simpleserial.c ****     ss_cmd_repr repr_cmd_buf[MAX_SS_CMDS];
 282:.././simpleserial/simpleserial.c ****     for (uint8_t i = 0; i < (num_commands & 0xFF); i++) {
 283:.././simpleserial/simpleserial.c ****         repr_cmd_buf[i].c = commands[i].c;
 284:.././simpleserial/simpleserial.c ****         repr_cmd_buf[i].len = commands[i].len;
 285:.././simpleserial/simpleserial.c ****         repr_cmd_buf[i].flags = commands[i].flags;
 286:.././simpleserial/simpleserial.c ****     }
 287:.././simpleserial/simpleserial.c **** 
 288:.././simpleserial/simpleserial.c ****     simpleserial_put('r', num_commands * 0x03, (void *) repr_cmd_buf);
 289:.././simpleserial/simpleserial.c ****     return 0x00;
 290:.././simpleserial/simpleserial.c **** }
 291:.././simpleserial/simpleserial.c **** 
 292:.././simpleserial/simpleserial.c **** static char hex_lookup[16] =
 293:.././simpleserial/simpleserial.c **** {
 294:.././simpleserial/simpleserial.c **** 	'0', '1', '2', '3', '4', '5', '6', '7',
 295:.././simpleserial/simpleserial.c **** 	'8', '9', 'A', 'B', 'C', 'D', 'E', 'F'
 296:.././simpleserial/simpleserial.c **** };
 297:.././simpleserial/simpleserial.c **** 
 298:.././simpleserial/simpleserial.c **** int hex_decode(int len, char* ascii_buf, uint8_t* data_buf)
 299:.././simpleserial/simpleserial.c **** {
 180              		.loc 1 299 1 is_stmt 1 view -0
 181              		.cfi_startproc
 182              		@ args = 0, pretend = 0, frame = 0
 183              		@ frame_needed = 0, uses_anonymous_args = 0
 300:.././simpleserial/simpleserial.c **** 	for(int i = 0; i < len; i++)
 184              		.loc 1 300 2 view .LVU35
 185              	.LBB2:
 186              		.loc 1 300 6 view .LVU36
 187              		.loc 1 300 6 is_stmt 0 view .LVU37
 188              	.LBE2:
 299:.././simpleserial/simpleserial.c **** 	for(int i = 0; i < len; i++)
 189              		.loc 1 299 1 view .LVU38
 190 0000 70B5     		push	{r4, r5, r6, lr}
 191              	.LCFI1:
 192              		.cfi_def_cfa_offset 16
 193              		.cfi_offset 4, -16
 194              		.cfi_offset 5, -12
 195              		.cfi_offset 6, -8
 196              		.cfi_offset 14, -4
 197              	.LBB6:
 198              		.loc 1 300 2 view .LVU39
 199 0002 1400     		movs	r4, r2
 200              	.LVL14:
 201              	.L12:
 202              		.loc 1 300 19 is_stmt 1 discriminator 1 view .LVU40
 203 0004 A31A     		subs	r3, r4, r2
 204 0006 9842     		cmp	r0, r3
 205 0008 01DC     		bgt	.L22
 206              	.LBE6:
 301:.././simpleserial/simpleserial.c **** 	{
 302:.././simpleserial/simpleserial.c **** 		char n_hi = ascii_buf[2*i];
 303:.././simpleserial/simpleserial.c **** 		char n_lo = ascii_buf[2*i+1];
 304:.././simpleserial/simpleserial.c **** 
 305:.././simpleserial/simpleserial.c **** 		if(n_lo >= '0' && n_lo <= '9')
 306:.././simpleserial/simpleserial.c **** 			data_buf[i] = n_lo - '0';
 307:.././simpleserial/simpleserial.c **** 		else if(n_lo >= 'A' && n_lo <= 'F')
 308:.././simpleserial/simpleserial.c **** 			data_buf[i] = n_lo - 'A' + 10;
 309:.././simpleserial/simpleserial.c **** 		else if(n_lo >= 'a' && n_lo <= 'f')
 310:.././simpleserial/simpleserial.c **** 			data_buf[i] = n_lo - 'a' + 10;
 311:.././simpleserial/simpleserial.c **** 		else
 312:.././simpleserial/simpleserial.c **** 			return 1;
 313:.././simpleserial/simpleserial.c **** 
 314:.././simpleserial/simpleserial.c **** 		if(n_hi >= '0' && n_hi <= '9')
 315:.././simpleserial/simpleserial.c **** 			data_buf[i] |= (n_hi - '0') << 4;
 316:.././simpleserial/simpleserial.c **** 		else if(n_hi >= 'A' && n_hi <= 'F')
 317:.././simpleserial/simpleserial.c **** 			data_buf[i] |= (n_hi - 'A' + 10) << 4;
 318:.././simpleserial/simpleserial.c **** 		else if(n_hi >= 'a' && n_hi <= 'f')
 319:.././simpleserial/simpleserial.c **** 			data_buf[i] |= (n_hi - 'a' + 10) << 4;
 320:.././simpleserial/simpleserial.c **** 		else
 321:.././simpleserial/simpleserial.c **** 			return 1;
 322:.././simpleserial/simpleserial.c **** 	}
 323:.././simpleserial/simpleserial.c **** 
 324:.././simpleserial/simpleserial.c **** 	return 0;
 207              		.loc 1 324 9 is_stmt 0 view .LVU41
 208 000a 0020     		movs	r0, #0
 209              	.LVL15:
 210              		.loc 1 324 9 view .LVU42
 211 000c 1FE0     		b	.L11
 212              	.LVL16:
 213              	.L22:
 214              	.LBB7:
 215              	.LBB3:
 302:.././simpleserial/simpleserial.c **** 		char n_lo = ascii_buf[2*i+1];
 216              		.loc 1 302 3 is_stmt 1 view .LVU43
 303:.././simpleserial/simpleserial.c **** 
 217              		.loc 1 303 8 is_stmt 0 view .LVU44
 218 000e 4D78     		ldrb	r5, [r1, #1]
 302:.././simpleserial/simpleserial.c **** 		char n_lo = ascii_buf[2*i+1];
 219              		.loc 1 302 8 view .LVU45
 220 0010 0B78     		ldrb	r3, [r1]
 221              	.LVL17:
 303:.././simpleserial/simpleserial.c **** 
 222              		.loc 1 303 3 is_stmt 1 view .LVU46
 305:.././simpleserial/simpleserial.c **** 			data_buf[i] = n_lo - '0';
 223              		.loc 1 305 3 view .LVU47
 305:.././simpleserial/simpleserial.c **** 			data_buf[i] = n_lo - '0';
 224              		.loc 1 305 18 is_stmt 0 view .LVU48
 225 0012 2E00     		movs	r6, r5
 226 0014 303E     		subs	r6, r6, #48
 227 0016 F6B2     		uxtb	r6, r6
 305:.././simpleserial/simpleserial.c **** 			data_buf[i] = n_lo - '0';
 228              		.loc 1 305 5 view .LVU49
 229 0018 092E     		cmp	r6, #9
 230 001a 0CD8     		bhi	.L13
 306:.././simpleserial/simpleserial.c **** 		else if(n_lo >= 'A' && n_lo <= 'F')
 231              		.loc 1 306 4 is_stmt 1 view .LVU50
 306:.././simpleserial/simpleserial.c **** 		else if(n_lo >= 'A' && n_lo <= 'F')
 232              		.loc 1 306 16 is_stmt 0 view .LVU51
 233 001c 2670     		strb	r6, [r4]
 234              	.LVL18:
 235              	.L14:
 314:.././simpleserial/simpleserial.c **** 			data_buf[i] |= (n_hi - '0') << 4;
 236              		.loc 1 314 3 is_stmt 1 view .LVU52
 314:.././simpleserial/simpleserial.c **** 			data_buf[i] |= (n_hi - '0') << 4;
 237              		.loc 1 314 18 is_stmt 0 view .LVU53
 238 001e 1D00     		movs	r5, r3
 239 0020 303D     		subs	r5, r5, #48
 240 0022 EDB2     		uxtb	r5, r5
 314:.././simpleserial/simpleserial.c **** 			data_buf[i] |= (n_hi - '0') << 4;
 241              		.loc 1 314 5 view .LVU54
 242 0024 092D     		cmp	r5, #9
 243 0026 15D8     		bhi	.L18
 315:.././simpleserial/simpleserial.c **** 		else if(n_hi >= 'A' && n_hi <= 'F')
 244              		.loc 1 315 4 is_stmt 1 view .LVU55
 315:.././simpleserial/simpleserial.c **** 		else if(n_hi >= 'A' && n_hi <= 'F')
 245              		.loc 1 315 16 is_stmt 0 view .LVU56
 246 0028 2378     		ldrb	r3, [r4]
 247              	.LVL19:
 315:.././simpleserial/simpleserial.c **** 		else if(n_hi >= 'A' && n_hi <= 'F')
 248              		.loc 1 315 16 view .LVU57
 249 002a 2D01     		lsls	r5, r5, #4
 250              	.L24:
 319:.././simpleserial/simpleserial.c **** 		else
 251              		.loc 1 319 16 view .LVU58
 252 002c 2B43     		orrs	r3, r5
 253 002e 2370     		strb	r3, [r4]
 254              	.LBE3:
 300:.././simpleserial/simpleserial.c **** 	{
 255              		.loc 1 300 27 is_stmt 1 discriminator 2 view .LVU59
 256              	.LVL20:
 300:.././simpleserial/simpleserial.c **** 	{
 257              		.loc 1 300 27 is_stmt 0 discriminator 2 view .LVU60
 258 0030 0231     		adds	r1, r1, #2
 259 0032 0134     		adds	r4, r4, #1
 260              	.LVL21:
 300:.././simpleserial/simpleserial.c **** 	{
 261              		.loc 1 300 27 discriminator 2 view .LVU61
 262 0034 E6E7     		b	.L12
 263              	.LVL22:
 264              	.L13:
 265              	.LBB4:
 307:.././simpleserial/simpleserial.c **** 			data_buf[i] = n_lo - 'A' + 10;
 266              		.loc 1 307 8 is_stmt 1 view .LVU62
 307:.././simpleserial/simpleserial.c **** 			data_buf[i] = n_lo - 'A' + 10;
 267              		.loc 1 307 10 is_stmt 0 view .LVU63
 268 0036 2E00     		movs	r6, r5
 269 0038 413E     		subs	r6, r6, #65
 270 003a 052E     		cmp	r6, #5
 271 003c 02D8     		bhi	.L15
 308:.././simpleserial/simpleserial.c **** 		else if(n_lo >= 'a' && n_lo <= 'f')
 272              		.loc 1 308 4 is_stmt 1 view .LVU64
 308:.././simpleserial/simpleserial.c **** 		else if(n_lo >= 'a' && n_lo <= 'f')
 273              		.loc 1 308 29 is_stmt 0 view .LVU65
 274 003e 373D     		subs	r5, r5, #55
 275              	.LVL23:
 276              	.L23:
 310:.././simpleserial/simpleserial.c **** 		else
 277              		.loc 1 310 16 view .LVU66
 278 0040 2570     		strb	r5, [r4]
 279              	.LVL24:
 310:.././simpleserial/simpleserial.c **** 		else
 280              		.loc 1 310 16 view .LVU67
 281 0042 ECE7     		b	.L14
 282              	.LVL25:
 283              	.L15:
 309:.././simpleserial/simpleserial.c **** 			data_buf[i] = n_lo - 'a' + 10;
 284              		.loc 1 309 8 is_stmt 1 view .LVU68
 309:.././simpleserial/simpleserial.c **** 			data_buf[i] = n_lo - 'a' + 10;
 285              		.loc 1 309 10 is_stmt 0 view .LVU69
 286 0044 2E00     		movs	r6, r5
 287 0046 613E     		subs	r6, r6, #97
 288 0048 052E     		cmp	r6, #5
 289 004a 01D9     		bls	.L16
 290              	.LVL26:
 291              	.L21:
 312:.././simpleserial/simpleserial.c **** 
 292              		.loc 1 312 11 view .LVU70
 293 004c 0120     		movs	r0, #1
 294              	.LVL27:
 295              	.L11:
 312:.././simpleserial/simpleserial.c **** 
 296              		.loc 1 312 11 view .LVU71
 297              	.LBE4:
 298              	.LBE7:
 325:.././simpleserial/simpleserial.c **** }
 299              		.loc 1 325 1 view .LVU72
 300              		@ sp needed
 301              	.LVL28:
 302              		.loc 1 325 1 view .LVU73
 303 004e 70BD     		pop	{r4, r5, r6, pc}
 304              	.LVL29:
 305              	.L16:
 306              	.LBB8:
 307              	.LBB5:
 310:.././simpleserial/simpleserial.c **** 		else
 308              		.loc 1 310 4 is_stmt 1 view .LVU74
 310:.././simpleserial/simpleserial.c **** 		else
 309              		.loc 1 310 29 is_stmt 0 view .LVU75
 310 0050 573D     		subs	r5, r5, #87
 311              	.LVL30:
 310:.././simpleserial/simpleserial.c **** 		else
 312              		.loc 1 310 29 view .LVU76
 313 0052 F5E7     		b	.L23
 314              	.LVL31:
 315              	.L18:
 316:.././simpleserial/simpleserial.c **** 			data_buf[i] |= (n_hi - 'A' + 10) << 4;
 316              		.loc 1 316 8 is_stmt 1 view .LVU77
 316:.././simpleserial/simpleserial.c **** 			data_buf[i] |= (n_hi - 'A' + 10) << 4;
 317              		.loc 1 316 10 is_stmt 0 view .LVU78
 318 0054 1D00     		movs	r5, r3
 319 0056 413D     		subs	r5, r5, #65
 320 0058 052D     		cmp	r5, #5
 321 005a 03D8     		bhi	.L20
 317:.././simpleserial/simpleserial.c **** 		else if(n_hi >= 'a' && n_hi <= 'f')
 322              		.loc 1 317 4 is_stmt 1 view .LVU79
 317:.././simpleserial/simpleserial.c **** 		else if(n_hi >= 'a' && n_hi <= 'f')
 323              		.loc 1 317 16 is_stmt 0 view .LVU80
 324 005c 373B     		subs	r3, r3, #55
 325              	.LVL32:
 326              	.L25:
 319:.././simpleserial/simpleserial.c **** 		else
 327              		.loc 1 319 16 view .LVU81
 328 005e 2578     		ldrb	r5, [r4]
 329 0060 1B01     		lsls	r3, r3, #4
 330 0062 E3E7     		b	.L24
 331              	.LVL33:
 332              	.L20:
 318:.././simpleserial/simpleserial.c **** 			data_buf[i] |= (n_hi - 'a' + 10) << 4;
 333              		.loc 1 318 8 is_stmt 1 view .LVU82
 318:.././simpleserial/simpleserial.c **** 			data_buf[i] |= (n_hi - 'a' + 10) << 4;
 334              		.loc 1 318 10 is_stmt 0 view .LVU83
 335 0064 1D00     		movs	r5, r3
 336 0066 613D     		subs	r5, r5, #97
 337 0068 052D     		cmp	r5, #5
 338 006a EFD8     		bhi	.L21
 319:.././simpleserial/simpleserial.c **** 		else
 339              		.loc 1 319 4 is_stmt 1 view .LVU84
 319:.././simpleserial/simpleserial.c **** 		else
 340              		.loc 1 319 16 is_stmt 0 view .LVU85
 341 006c 573B     		subs	r3, r3, #87
 342              	.LVL34:
 319:.././simpleserial/simpleserial.c **** 		else
 343              		.loc 1 319 16 view .LVU86
 344 006e F6E7     		b	.L25
 345              	.LBE5:
 346              	.LBE8:
 347              		.cfi_endproc
 348              	.LFE6:
 350              		.section	.text.simpleserial_addcmd_flags,"ax",%progbits
 351              		.align	1
 352              		.global	simpleserial_addcmd_flags
 353              		.syntax unified
 354              		.code	16
 355              		.thumb_func
 357              	simpleserial_addcmd_flags:
 358              	.LVL35:
 359              	.LFB9:
 326:.././simpleserial/simpleserial.c **** 
 327:.././simpleserial/simpleserial.c **** 
 328:.././simpleserial/simpleserial.c **** 
 329:.././simpleserial/simpleserial.c **** // Set up the SimpleSerial module by preparing internal commands
 330:.././simpleserial/simpleserial.c **** // This just adds the "v" command for now...
 331:.././simpleserial/simpleserial.c **** void simpleserial_init()
 332:.././simpleserial/simpleserial.c **** {
 333:.././simpleserial/simpleserial.c **** 	simpleserial_addcmd('v', 0, check_version);
 334:.././simpleserial/simpleserial.c ****     simpleserial_addcmd('w', 0, ss_get_commands);
 335:.././simpleserial/simpleserial.c ****     simpleserial_addcmd('y', 0, ss_num_commands);
 336:.././simpleserial/simpleserial.c **** }
 337:.././simpleserial/simpleserial.c **** 
 338:.././simpleserial/simpleserial.c **** int simpleserial_addcmd(char c, unsigned int len, uint8_t (*fp)(uint8_t*, uint8_t))
 339:.././simpleserial/simpleserial.c **** {
 340:.././simpleserial/simpleserial.c **** 	return simpleserial_addcmd_flags(c, len, fp, CMD_FLAG_NONE);
 341:.././simpleserial/simpleserial.c **** }
 342:.././simpleserial/simpleserial.c **** 
 343:.././simpleserial/simpleserial.c **** int simpleserial_addcmd_flags(char c, unsigned int len, uint8_t (*fp)(uint8_t*, uint8_t), uint8_t f
 344:.././simpleserial/simpleserial.c **** {
 360              		.loc 1 344 1 is_stmt 1 view -0
 361              		.cfi_startproc
 362              		@ args = 0, pretend = 0, frame = 0
 363              		@ frame_needed = 0, uses_anonymous_args = 0
 345:.././simpleserial/simpleserial.c **** 	if(num_commands >= MAX_SS_CMDS)
 364              		.loc 1 345 2 view .LVU88
 344:.././simpleserial/simpleserial.c **** 	if(num_commands >= MAX_SS_CMDS)
 365              		.loc 1 344 1 is_stmt 0 view .LVU89
 366 0000 F0B5     		push	{r4, r5, r6, r7, lr}
 367              	.LCFI2:
 368              		.cfi_def_cfa_offset 20
 369              		.cfi_offset 4, -20
 370              		.cfi_offset 5, -16
 371              		.cfi_offset 6, -12
 372              		.cfi_offset 7, -8
 373              		.cfi_offset 14, -4
 374              		.loc 1 345 18 view .LVU90
 375 0002 094F     		ldr	r7, .L30
 344:.././simpleserial/simpleserial.c **** 	if(num_commands >= MAX_SS_CMDS)
 376              		.loc 1 344 1 view .LVU91
 377 0004 0600     		movs	r6, r0
 378              		.loc 1 345 18 view .LVU92
 379 0006 3D68     		ldr	r5, [r7]
 346:.././simpleserial/simpleserial.c **** 		return 1;
 380              		.loc 1 346 10 view .LVU93
 381 0008 0120     		movs	r0, #1
 382              	.LVL36:
 345:.././simpleserial/simpleserial.c **** 	if(num_commands >= MAX_SS_CMDS)
 383              		.loc 1 345 4 view .LVU94
 384 000a 0F2D     		cmp	r5, #15
 385 000c 0BDC     		bgt	.L26
 347:.././simpleserial/simpleserial.c **** 
 348:.././simpleserial/simpleserial.c **** 	if(len >= MAX_SS_LEN)
 386              		.loc 1 348 2 is_stmt 1 view .LVU95
 387              		.loc 1 348 4 is_stmt 0 view .LVU96
 388 000e FF29     		cmp	r1, #255
 389 0010 09D8     		bhi	.L26
 349:.././simpleserial/simpleserial.c **** 		return 1;
 350:.././simpleserial/simpleserial.c **** 
 351:.././simpleserial/simpleserial.c **** 	commands[num_commands].c   = c;
 390              		.loc 1 351 2 is_stmt 1 view .LVU97
 391              		.loc 1 351 29 is_stmt 0 view .LVU98
 392 0012 064C     		ldr	r4, .L30+4
 393 0014 2801     		lsls	r0, r5, #4
 394 0016 0655     		strb	r6, [r0, r4]
 352:.././simpleserial/simpleserial.c **** 	commands[num_commands].len = len;
 395              		.loc 1 352 2 is_stmt 1 view .LVU99
 396              		.loc 1 352 29 is_stmt 0 view .LVU100
 397 0018 2018     		adds	r0, r4, r0
 398 001a 4160     		str	r1, [r0, #4]
 353:.././simpleserial/simpleserial.c **** 	commands[num_commands].fp  = fp;
 399              		.loc 1 353 2 is_stmt 1 view .LVU101
 400              		.loc 1 353 29 is_stmt 0 view .LVU102
 401 001c 8260     		str	r2, [r0, #8]
 354:.././simpleserial/simpleserial.c **** 	commands[num_commands].flags = fl;
 402              		.loc 1 354 2 is_stmt 1 view .LVU103
 403              		.loc 1 354 31 is_stmt 0 view .LVU104
 404 001e 0373     		strb	r3, [r0, #12]
 355:.././simpleserial/simpleserial.c **** 	num_commands++;
 405              		.loc 1 355 2 is_stmt 1 view .LVU105
 356:.././simpleserial/simpleserial.c **** 
 357:.././simpleserial/simpleserial.c **** 	return 0;
 406              		.loc 1 357 9 is_stmt 0 view .LVU106
 407 0020 0020     		movs	r0, #0
 355:.././simpleserial/simpleserial.c **** 	num_commands++;
 408              		.loc 1 355 14 view .LVU107
 409 0022 0135     		adds	r5, r5, #1
 410 0024 3D60     		str	r5, [r7]
 411              		.loc 1 357 2 is_stmt 1 view .LVU108
 412              	.L26:
 358:.././simpleserial/simpleserial.c **** }
 413              		.loc 1 358 1 is_stmt 0 view .LVU109
 414              		@ sp needed
 415              	.LVL37:
 416              		.loc 1 358 1 view .LVU110
 417 0026 F0BD     		pop	{r4, r5, r6, r7, pc}
 418              	.L31:
 419              		.align	2
 420              	.L30:
 421 0028 00000000 		.word	.LANCHOR0
 422 002c 04000000 		.word	commands
 423              		.cfi_endproc
 424              	.LFE9:
 426              		.section	.text.simpleserial_addcmd,"ax",%progbits
 427              		.align	1
 428              		.global	simpleserial_addcmd
 429              		.syntax unified
 430              		.code	16
 431              		.thumb_func
 433              	simpleserial_addcmd:
 434              	.LVL38:
 435              	.LFB8:
 339:.././simpleserial/simpleserial.c **** 	return simpleserial_addcmd_flags(c, len, fp, CMD_FLAG_NONE);
 436              		.loc 1 339 1 is_stmt 1 view -0
 437              		.cfi_startproc
 438              		@ args = 0, pretend = 0, frame = 0
 439              		@ frame_needed = 0, uses_anonymous_args = 0
 340:.././simpleserial/simpleserial.c **** }
 440              		.loc 1 340 2 view .LVU112
 339:.././simpleserial/simpleserial.c **** 	return simpleserial_addcmd_flags(c, len, fp, CMD_FLAG_NONE);
 441              		.loc 1 339 1 is_stmt 0 view .LVU113
 442 0000 10B5     		push	{r4, lr}
 443              	.LCFI3:
 444              		.cfi_def_cfa_offset 8
 445              		.cfi_offset 4, -8
 446              		.cfi_offset 14, -4
 340:.././simpleserial/simpleserial.c **** }
 447              		.loc 1 340 9 view .LVU114
 448 0002 0023     		movs	r3, #0
 341:.././simpleserial/simpleserial.c **** 
 449              		.loc 1 341 1 view .LVU115
 450              		@ sp needed
 340:.././simpleserial/simpleserial.c **** }
 451              		.loc 1 340 9 view .LVU116
 452 0004 FFF7FEFF 		bl	simpleserial_addcmd_flags
 453              	.LVL39:
 341:.././simpleserial/simpleserial.c **** 
 454              		.loc 1 341 1 view .LVU117
 455 0008 10BD     		pop	{r4, pc}
 456              		.cfi_endproc
 457              	.LFE8:
 459              		.section	.text.simpleserial_init,"ax",%progbits
 460              		.align	1
 461              		.global	simpleserial_init
 462              		.syntax unified
 463              		.code	16
 464              		.thumb_func
 466              	simpleserial_init:
 467              	.LFB7:
 332:.././simpleserial/simpleserial.c **** 	simpleserial_addcmd('v', 0, check_version);
 468              		.loc 1 332 1 is_stmt 1 view -0
 469              		.cfi_startproc
 470              		@ args = 0, pretend = 0, frame = 0
 471              		@ frame_needed = 0, uses_anonymous_args = 0
 333:.././simpleserial/simpleserial.c ****     simpleserial_addcmd('w', 0, ss_get_commands);
 472              		.loc 1 333 2 view .LVU119
 332:.././simpleserial/simpleserial.c **** 	simpleserial_addcmd('v', 0, check_version);
 473              		.loc 1 332 1 is_stmt 0 view .LVU120
 474 0000 10B5     		push	{r4, lr}
 475              	.LCFI4:
 476              		.cfi_def_cfa_offset 8
 477              		.cfi_offset 4, -8
 478              		.cfi_offset 14, -4
 333:.././simpleserial/simpleserial.c ****     simpleserial_addcmd('w', 0, ss_get_commands);
 479              		.loc 1 333 2 view .LVU121
 480 0002 0021     		movs	r1, #0
 336:.././simpleserial/simpleserial.c **** 
 481              		.loc 1 336 1 view .LVU122
 482              		@ sp needed
 333:.././simpleserial/simpleserial.c ****     simpleserial_addcmd('w', 0, ss_get_commands);
 483              		.loc 1 333 2 view .LVU123
 484 0004 074A     		ldr	r2, .L34
 485 0006 7620     		movs	r0, #118
 486 0008 FFF7FEFF 		bl	simpleserial_addcmd
 487              	.LVL40:
 334:.././simpleserial/simpleserial.c ****     simpleserial_addcmd('y', 0, ss_num_commands);
 488              		.loc 1 334 5 is_stmt 1 view .LVU124
 489 000c 0021     		movs	r1, #0
 490 000e 064A     		ldr	r2, .L34+4
 491 0010 7720     		movs	r0, #119
 492 0012 FFF7FEFF 		bl	simpleserial_addcmd
 493              	.LVL41:
 335:.././simpleserial/simpleserial.c **** }
 494              		.loc 1 335 5 view .LVU125
 495 0016 0021     		movs	r1, #0
 496 0018 7920     		movs	r0, #121
 497 001a 044A     		ldr	r2, .L34+8
 498 001c FFF7FEFF 		bl	simpleserial_addcmd
 499              	.LVL42:
 336:.././simpleserial/simpleserial.c **** 
 500              		.loc 1 336 1 is_stmt 0 view .LVU126
 501 0020 10BD     		pop	{r4, pc}
 502              	.L35:
 503 0022 C046     		.align	2
 504              	.L34:
 505 0024 00000000 		.word	check_version
 506 0028 00000000 		.word	ss_get_commands
 507 002c 00000000 		.word	ss_num_commands
 508              		.cfi_endproc
 509              	.LFE7:
 511              		.section	.text.simpleserial_put,"ax",%progbits
 512              		.align	1
 513              		.global	simpleserial_put
 514              		.syntax unified
 515              		.code	16
 516              		.thumb_func
 518              	simpleserial_put:
 519              	.LVL43:
 520              	.LFB11:
 359:.././simpleserial/simpleserial.c **** 
 360:.././simpleserial/simpleserial.c **** void simpleserial_get(void)
 361:.././simpleserial/simpleserial.c **** {
 362:.././simpleserial/simpleserial.c **** 	char ascii_buf[2*MAX_SS_LEN];
 363:.././simpleserial/simpleserial.c **** 	uint8_t data_buf[MAX_SS_LEN];
 364:.././simpleserial/simpleserial.c **** 	char c;
 365:.././simpleserial/simpleserial.c **** 
 366:.././simpleserial/simpleserial.c **** 	// Find which command we're receiving
 367:.././simpleserial/simpleserial.c **** 	c = getch();
 368:.././simpleserial/simpleserial.c **** 
 369:.././simpleserial/simpleserial.c **** 	int cmd;
 370:.././simpleserial/simpleserial.c **** 	for(cmd = 0; cmd < num_commands; cmd++)
 371:.././simpleserial/simpleserial.c **** 	{
 372:.././simpleserial/simpleserial.c **** 		if(commands[cmd].c == c)
 373:.././simpleserial/simpleserial.c **** 			break;
 374:.././simpleserial/simpleserial.c **** 	}
 375:.././simpleserial/simpleserial.c **** 
 376:.././simpleserial/simpleserial.c **** 	// If we didn't find a match, give up right away
 377:.././simpleserial/simpleserial.c **** 	if(cmd == num_commands)
 378:.././simpleserial/simpleserial.c **** 		return;
 379:.././simpleserial/simpleserial.c **** 
 380:.././simpleserial/simpleserial.c **** 	// If flag CMD_FLAG_LEN is set, the next byte indicates the sent length
 381:.././simpleserial/simpleserial.c **** 	if ((commands[cmd].flags & CMD_FLAG_LEN) != 0)
 382:.././simpleserial/simpleserial.c **** 	{
 383:.././simpleserial/simpleserial.c **** 		uint8_t l = 0;
 384:.././simpleserial/simpleserial.c **** 		char buff[2];
 385:.././simpleserial/simpleserial.c **** 		buff[0] = getch();
 386:.././simpleserial/simpleserial.c **** 		buff[1] = getch();
 387:.././simpleserial/simpleserial.c **** 		if (hex_decode(1, buff, &l))
 388:.././simpleserial/simpleserial.c **** 			return;
 389:.././simpleserial/simpleserial.c **** 		commands[cmd].len = l;
 390:.././simpleserial/simpleserial.c **** 	}
 391:.././simpleserial/simpleserial.c **** 
 392:.././simpleserial/simpleserial.c **** 	// Receive characters until we fill the ASCII buffer
 393:.././simpleserial/simpleserial.c **** 	for(int i = 0; i < 2*commands[cmd].len; i++)
 394:.././simpleserial/simpleserial.c **** 	{
 395:.././simpleserial/simpleserial.c **** 		c = getch();
 396:.././simpleserial/simpleserial.c **** 
 397:.././simpleserial/simpleserial.c **** 		// Check for early \n
 398:.././simpleserial/simpleserial.c **** 		if(c == '\n' || c == '\r')
 399:.././simpleserial/simpleserial.c **** 			return;
 400:.././simpleserial/simpleserial.c **** 
 401:.././simpleserial/simpleserial.c **** 		ascii_buf[i] = c;
 402:.././simpleserial/simpleserial.c **** 	}
 403:.././simpleserial/simpleserial.c **** 
 404:.././simpleserial/simpleserial.c **** 	// Assert that last character is \n or \r
 405:.././simpleserial/simpleserial.c **** 	c = getch();
 406:.././simpleserial/simpleserial.c **** 	if(c != '\n' && c != '\r')
 407:.././simpleserial/simpleserial.c **** 		return;
 408:.././simpleserial/simpleserial.c **** 
 409:.././simpleserial/simpleserial.c **** 	// ASCII buffer is full: convert to bytes
 410:.././simpleserial/simpleserial.c **** 	// Check for illegal characters here
 411:.././simpleserial/simpleserial.c **** 	if(hex_decode(commands[cmd].len, ascii_buf, data_buf))
 412:.././simpleserial/simpleserial.c **** 		return;
 413:.././simpleserial/simpleserial.c **** 
 414:.././simpleserial/simpleserial.c **** 	// Callback
 415:.././simpleserial/simpleserial.c **** 	uint8_t ret[1];
 416:.././simpleserial/simpleserial.c **** 	ret[0] = commands[cmd].fp(data_buf, commands[cmd].len);
 417:.././simpleserial/simpleserial.c **** 
 418:.././simpleserial/simpleserial.c **** 	// Acknowledge (if version is 1.1)
 419:.././simpleserial/simpleserial.c **** #if SS_VER == SS_VER_1_1
 420:.././simpleserial/simpleserial.c **** 	simpleserial_put('z', 1, ret);
 421:.././simpleserial/simpleserial.c **** #endif
 422:.././simpleserial/simpleserial.c **** }
 423:.././simpleserial/simpleserial.c **** 
 424:.././simpleserial/simpleserial.c **** void simpleserial_put(char c, uint8_t size, uint8_t* output)
 425:.././simpleserial/simpleserial.c **** {
 521              		.loc 1 425 1 is_stmt 1 view -0
 522              		.cfi_startproc
 523              		@ args = 0, pretend = 0, frame = 0
 524              		@ frame_needed = 0, uses_anonymous_args = 0
 525              		.loc 1 425 1 is_stmt 0 view .LVU128
 526 0000 F8B5     		push	{r3, r4, r5, r6, r7, lr}
 527              	.LCFI5:
 528              		.cfi_def_cfa_offset 24
 529              		.cfi_offset 3, -24
 530              		.cfi_offset 4, -20
 531              		.cfi_offset 5, -16
 532              		.cfi_offset 6, -12
 533              		.cfi_offset 7, -8
 534              		.cfi_offset 14, -4
 535              		.loc 1 425 1 view .LVU129
 536 0002 0D00     		movs	r5, r1
 426:.././simpleserial/simpleserial.c **** 	// Write first character
 427:.././simpleserial/simpleserial.c **** 	putch(c);
 537              		.loc 1 427 2 is_stmt 1 view .LVU130
 425:.././simpleserial/simpleserial.c **** 	// Write first character
 538              		.loc 1 425 1 is_stmt 0 view .LVU131
 539 0004 1400     		movs	r4, r2
 540              	.LBB9:
 428:.././simpleserial/simpleserial.c **** 
 429:.././simpleserial/simpleserial.c **** 	// Write each byte as two nibbles
 430:.././simpleserial/simpleserial.c **** 	for(int i = 0; i < size; i++)
 431:.././simpleserial/simpleserial.c **** 	{
 432:.././simpleserial/simpleserial.c **** 		putch(hex_lookup[output[i] >> 4 ]);
 433:.././simpleserial/simpleserial.c **** 		putch(hex_lookup[output[i] & 0xF]);
 541              		.loc 1 433 30 view .LVU132
 542 0006 0F27     		movs	r7, #15
 543              	.LBE9:
 427:.././simpleserial/simpleserial.c **** 
 544              		.loc 1 427 2 view .LVU133
 545 0008 FFF7FEFF 		bl	putch
 546              	.LVL44:
 430:.././simpleserial/simpleserial.c **** 	{
 547              		.loc 1 430 2 is_stmt 1 view .LVU134
 548              	.LBB10:
 430:.././simpleserial/simpleserial.c **** 	{
 549              		.loc 1 430 6 view .LVU135
 430:.././simpleserial/simpleserial.c **** 	{
 550              		.loc 1 430 6 is_stmt 0 view .LVU136
 551 000c 6519     		adds	r5, r4, r5
 552              	.LVL45:
 553              	.L37:
 430:.././simpleserial/simpleserial.c **** 	{
 554              		.loc 1 430 19 is_stmt 1 discriminator 1 view .LVU137
 555 000e AC42     		cmp	r4, r5
 556 0010 03D1     		bne	.L38
 557              	.LBE10:
 434:.././simpleserial/simpleserial.c **** 	}
 435:.././simpleserial/simpleserial.c **** 
 436:.././simpleserial/simpleserial.c **** 	// Write trailing '\n'
 437:.././simpleserial/simpleserial.c **** 	putch('\n');
 558              		.loc 1 437 2 view .LVU138
 438:.././simpleserial/simpleserial.c **** }
 559              		.loc 1 438 1 is_stmt 0 view .LVU139
 560              		@ sp needed
 437:.././simpleserial/simpleserial.c **** }
 561              		.loc 1 437 2 view .LVU140
 562 0012 0A20     		movs	r0, #10
 563 0014 FFF7FEFF 		bl	putch
 564              	.LVL46:
 565              	.LVL47:
 566              		.loc 1 438 1 view .LVU141
 567 0018 F8BD     		pop	{r3, r4, r5, r6, r7, pc}
 568              	.LVL48:
 569              	.L38:
 570              	.LBB11:
 432:.././simpleserial/simpleserial.c **** 		putch(hex_lookup[output[i] & 0xF]);
 571              		.loc 1 432 3 is_stmt 1 view .LVU142
 432:.././simpleserial/simpleserial.c **** 		putch(hex_lookup[output[i] & 0xF]);
 572              		.loc 1 432 30 is_stmt 0 view .LVU143
 573 001a 2378     		ldrb	r3, [r4]
 432:.././simpleserial/simpleserial.c **** 		putch(hex_lookup[output[i] & 0xF]);
 574              		.loc 1 432 3 view .LVU144
 575 001c 054E     		ldr	r6, .L39
 432:.././simpleserial/simpleserial.c **** 		putch(hex_lookup[output[i] & 0xF]);
 576              		.loc 1 432 30 view .LVU145
 577 001e 1B09     		lsrs	r3, r3, #4
 432:.././simpleserial/simpleserial.c **** 		putch(hex_lookup[output[i] & 0xF]);
 578              		.loc 1 432 3 view .LVU146
 579 0020 F05C     		ldrb	r0, [r6, r3]
 580 0022 FFF7FEFF 		bl	putch
 581              	.LVL49:
 433:.././simpleserial/simpleserial.c **** 	}
 582              		.loc 1 433 3 is_stmt 1 view .LVU147
 433:.././simpleserial/simpleserial.c **** 	}
 583              		.loc 1 433 30 is_stmt 0 view .LVU148
 584 0026 2378     		ldrb	r3, [r4]
 585 0028 0134     		adds	r4, r4, #1
 586              	.LVL50:
 433:.././simpleserial/simpleserial.c **** 	}
 587              		.loc 1 433 30 view .LVU149
 588 002a 3B40     		ands	r3, r7
 433:.././simpleserial/simpleserial.c **** 	}
 589              		.loc 1 433 3 view .LVU150
 590 002c F05C     		ldrb	r0, [r6, r3]
 591 002e FFF7FEFF 		bl	putch
 592              	.LVL51:
 430:.././simpleserial/simpleserial.c **** 	{
 593              		.loc 1 430 28 is_stmt 1 discriminator 3 view .LVU151
 430:.././simpleserial/simpleserial.c **** 	{
 594              		.loc 1 430 28 is_stmt 0 discriminator 3 view .LVU152
 595 0032 ECE7     		b	.L37
 596              	.L40:
 597              		.align	2
 598              	.L39:
 599 0034 00000000 		.word	.LANCHOR1
 600              	.LBE11:
 601              		.cfi_endproc
 602              	.LFE11:
 604              		.section	.text.ss_num_commands,"ax",%progbits
 605              		.align	1
 606              		.global	ss_num_commands
 607              		.syntax unified
 608              		.code	16
 609              		.thumb_func
 611              	ss_num_commands:
 612              	.LVL52:
 613              	.LFB4:
 267:.././simpleserial/simpleserial.c ****     uint8_t ncmds = num_commands & 0xFF;
 614              		.loc 1 267 1 is_stmt 1 view -0
 615              		.cfi_startproc
 616              		@ args = 0, pretend = 0, frame = 8
 617              		@ frame_needed = 0, uses_anonymous_args = 0
 268:.././simpleserial/simpleserial.c ****     simpleserial_put('r', 0x01, &ncmds);
 618              		.loc 1 268 5 view .LVU154
 267:.././simpleserial/simpleserial.c ****     uint8_t ncmds = num_commands & 0xFF;
 619              		.loc 1 267 1 is_stmt 0 view .LVU155
 620 0000 07B5     		push	{r0, r1, r2, lr}
 621              	.LCFI6:
 622              		.cfi_def_cfa_offset 16
 623              		.cfi_offset 0, -16
 624              		.cfi_offset 1, -12
 625              		.cfi_offset 2, -8
 626              		.cfi_offset 14, -4
 268:.././simpleserial/simpleserial.c ****     simpleserial_put('r', 0x01, &ncmds);
 627              		.loc 1 268 13 view .LVU156
 628 0002 6B46     		mov	r3, sp
 271:.././simpleserial/simpleserial.c **** 
 629              		.loc 1 271 1 view .LVU157
 630              		@ sp needed
 268:.././simpleserial/simpleserial.c ****     simpleserial_put('r', 0x01, &ncmds);
 631              		.loc 1 268 13 view .LVU158
 632 0004 DA1D     		adds	r2, r3, #7
 633 0006 044B     		ldr	r3, .L42
 269:.././simpleserial/simpleserial.c ****     return 0x00;
 634              		.loc 1 269 5 view .LVU159
 635 0008 7220     		movs	r0, #114
 636              	.LVL53:
 268:.././simpleserial/simpleserial.c ****     simpleserial_put('r', 0x01, &ncmds);
 637              		.loc 1 268 13 view .LVU160
 638 000a 1B68     		ldr	r3, [r3]
 269:.././simpleserial/simpleserial.c ****     return 0x00;
 639              		.loc 1 269 5 view .LVU161
 640 000c 0121     		movs	r1, #1
 641              	.LVL54:
 268:.././simpleserial/simpleserial.c ****     simpleserial_put('r', 0x01, &ncmds);
 642              		.loc 1 268 13 view .LVU162
 643 000e 1370     		strb	r3, [r2]
 269:.././simpleserial/simpleserial.c ****     return 0x00;
 644              		.loc 1 269 5 is_stmt 1 view .LVU163
 645 0010 FFF7FEFF 		bl	simpleserial_put
 646              	.LVL55:
 270:.././simpleserial/simpleserial.c **** }
 647              		.loc 1 270 5 view .LVU164
 271:.././simpleserial/simpleserial.c **** 
 648              		.loc 1 271 1 is_stmt 0 view .LVU165
 649 0014 0020     		movs	r0, #0
 650 0016 0EBD     		pop	{r1, r2, r3, pc}
 651              	.L43:
 652              		.align	2
 653              	.L42:
 654 0018 00000000 		.word	.LANCHOR0
 655              		.cfi_endproc
 656              	.LFE4:
 658              		.section	.text.ss_get_commands,"ax",%progbits
 659              		.align	1
 660              		.global	ss_get_commands
 661              		.syntax unified
 662              		.code	16
 663              		.thumb_func
 665              	ss_get_commands:
 666              	.LVL56:
 667              	.LFB5:
 280:.././simpleserial/simpleserial.c ****     ss_cmd_repr repr_cmd_buf[MAX_SS_CMDS];
 668              		.loc 1 280 1 is_stmt 1 view -0
 669              		.cfi_startproc
 670              		@ args = 0, pretend = 0, frame = 48
 671              		@ frame_needed = 0, uses_anonymous_args = 0
 281:.././simpleserial/simpleserial.c ****     for (uint8_t i = 0; i < (num_commands & 0xFF); i++) {
 672              		.loc 1 281 5 view .LVU167
 282:.././simpleserial/simpleserial.c ****         repr_cmd_buf[i].c = commands[i].c;
 673              		.loc 1 282 5 view .LVU168
 674              	.LBB12:
 282:.././simpleserial/simpleserial.c ****         repr_cmd_buf[i].c = commands[i].c;
 675              		.loc 1 282 10 view .LVU169
 282:.././simpleserial/simpleserial.c ****         repr_cmd_buf[i].c = commands[i].c;
 676              		.loc 1 282 10 is_stmt 0 view .LVU170
 677 0000 0322     		movs	r2, #3
 282:.././simpleserial/simpleserial.c ****         repr_cmd_buf[i].c = commands[i].c;
 678              		.loc 1 282 43 discriminator 1 view .LVU171
 679 0002 114B     		ldr	r3, .L47
 680 0004 9446     		mov	ip, r2
 681 0006 1868     		ldr	r0, [r3]
 682              	.LVL57:
 282:.././simpleserial/simpleserial.c ****         repr_cmd_buf[i].c = commands[i].c;
 683              		.loc 1 282 18 view .LVU172
 684 0008 0023     		movs	r3, #0
 685              	.LBE12:
 280:.././simpleserial/simpleserial.c ****     ss_cmd_repr repr_cmd_buf[MAX_SS_CMDS];
 686              		.loc 1 280 1 view .LVU173
 687 000a F0B5     		push	{r4, r5, r6, r7, lr}
 688              	.LCFI7:
 689              		.cfi_def_cfa_offset 20
 690              		.cfi_offset 4, -20
 691              		.cfi_offset 5, -16
 692              		.cfi_offset 6, -12
 693              		.cfi_offset 7, -8
 694              		.cfi_offset 14, -4
 695              	.LBB13:
 283:.././simpleserial/simpleserial.c ****         repr_cmd_buf[i].len = commands[i].len;
 696              		.loc 1 283 40 view .LVU174
 697 000c 0F4C     		ldr	r4, .L47+4
 698              	.LBE13:
 280:.././simpleserial/simpleserial.c ****     ss_cmd_repr repr_cmd_buf[MAX_SS_CMDS];
 699              		.loc 1 280 1 view .LVU175
 700 000e 8DB0     		sub	sp, sp, #52
 701              	.LCFI8:
 702              		.cfi_def_cfa_offset 72
 703              	.LBB14:
 282:.././simpleserial/simpleserial.c ****         repr_cmd_buf[i].c = commands[i].c;
 704              		.loc 1 282 43 discriminator 1 view .LVU176
 705 0010 C6B2     		uxtb	r6, r0
 706              	.LVL58:
 707              	.L45:
 282:.././simpleserial/simpleserial.c ****         repr_cmd_buf[i].c = commands[i].c;
 708              		.loc 1 282 27 is_stmt 1 discriminator 1 view .LVU177
 709 0012 B342     		cmp	r3, r6
 710 0014 09DB     		blt	.L46
 711              	.LBE14:
 288:.././simpleserial/simpleserial.c ****     return 0x00;
 712              		.loc 1 288 5 view .LVU178
 713 0016 6146     		mov	r1, ip
 714 0018 4143     		muls	r1, r0
 715 001a 6A46     		mov	r2, sp
 716 001c 7220     		movs	r0, #114
 717 001e C9B2     		uxtb	r1, r1
 718 0020 FFF7FEFF 		bl	simpleserial_put
 719              	.LVL59:
 289:.././simpleserial/simpleserial.c **** }
 720              		.loc 1 289 5 view .LVU179
 290:.././simpleserial/simpleserial.c **** 
 721              		.loc 1 290 1 is_stmt 0 view .LVU180
 722 0024 0020     		movs	r0, #0
 723 0026 0DB0     		add	sp, sp, #52
 724              		@ sp needed
 725 0028 F0BD     		pop	{r4, r5, r6, r7, pc}
 726              	.LVL60:
 727              	.L46:
 728              	.LBB15:
 283:.././simpleserial/simpleserial.c ****         repr_cmd_buf[i].len = commands[i].len;
 729              		.loc 1 283 9 is_stmt 1 view .LVU181
 283:.././simpleserial/simpleserial.c ****         repr_cmd_buf[i].len = commands[i].len;
 730              		.loc 1 283 27 is_stmt 0 view .LVU182
 731 002a 6546     		mov	r5, ip
 732 002c 6946     		mov	r1, sp
 733 002e 5D43     		muls	r5, r3
 283:.././simpleserial/simpleserial.c ****         repr_cmd_buf[i].len = commands[i].len;
 734              		.loc 1 283 40 view .LVU183
 735 0030 1A01     		lsls	r2, r3, #4
 283:.././simpleserial/simpleserial.c ****         repr_cmd_buf[i].len = commands[i].len;
 736              		.loc 1 283 27 view .LVU184
 737 0032 175D     		ldrb	r7, [r2, r4]
 284:.././simpleserial/simpleserial.c ****         repr_cmd_buf[i].flags = commands[i].flags;
 738              		.loc 1 284 42 view .LVU185
 739 0034 A218     		adds	r2, r4, r2
 283:.././simpleserial/simpleserial.c ****         repr_cmd_buf[i].len = commands[i].len;
 740              		.loc 1 283 27 view .LVU186
 741 0036 4F55     		strb	r7, [r1, r5]
 284:.././simpleserial/simpleserial.c ****         repr_cmd_buf[i].flags = commands[i].flags;
 742              		.loc 1 284 9 is_stmt 1 view .LVU187
 284:.././simpleserial/simpleserial.c ****         repr_cmd_buf[i].flags = commands[i].flags;
 743              		.loc 1 284 29 is_stmt 0 view .LVU188
 744 0038 5768     		ldr	r7, [r2, #4]
 285:.././simpleserial/simpleserial.c ****     }
 745              		.loc 1 285 31 view .LVU189
 746 003a 127B     		ldrb	r2, [r2, #12]
 284:.././simpleserial/simpleserial.c ****         repr_cmd_buf[i].flags = commands[i].flags;
 747              		.loc 1 284 29 view .LVU190
 748 003c 6D44     		add	r5, r5, sp
 282:.././simpleserial/simpleserial.c ****         repr_cmd_buf[i].c = commands[i].c;
 749              		.loc 1 282 53 discriminator 3 view .LVU191
 750 003e 0133     		adds	r3, r3, #1
 751              	.LVL61:
 284:.././simpleserial/simpleserial.c ****         repr_cmd_buf[i].flags = commands[i].flags;
 752              		.loc 1 284 29 view .LVU192
 753 0040 6F70     		strb	r7, [r5, #1]
 285:.././simpleserial/simpleserial.c ****     }
 754              		.loc 1 285 9 is_stmt 1 view .LVU193
 285:.././simpleserial/simpleserial.c ****     }
 755              		.loc 1 285 31 is_stmt 0 view .LVU194
 756 0042 AA70     		strb	r2, [r5, #2]
 282:.././simpleserial/simpleserial.c ****         repr_cmd_buf[i].c = commands[i].c;
 757              		.loc 1 282 53 is_stmt 1 discriminator 3 view .LVU195
 758 0044 DBB2     		uxtb	r3, r3
 759              	.LVL62:
 282:.././simpleserial/simpleserial.c ****         repr_cmd_buf[i].c = commands[i].c;
 760              		.loc 1 282 53 is_stmt 0 discriminator 3 view .LVU196
 761 0046 E4E7     		b	.L45
 762              	.L48:
 763              		.align	2
 764              	.L47:
 765 0048 00000000 		.word	.LANCHOR0
 766 004c 04000000 		.word	commands
 767              	.LBE15:
 768              		.cfi_endproc
 769              	.LFE5:
 771              		.section	.text.simpleserial_get,"ax",%progbits
 772              		.align	1
 773              		.global	simpleserial_get
 774              		.syntax unified
 775              		.code	16
 776              		.thumb_func
 778              	simpleserial_get:
 779              	.LFB10:
 361:.././simpleserial/simpleserial.c **** 	char ascii_buf[2*MAX_SS_LEN];
 780              		.loc 1 361 1 is_stmt 1 view -0
 781              		.cfi_startproc
 782              		@ args = 0, pretend = 0, frame = 776
 783              		@ frame_needed = 0, uses_anonymous_args = 0
 362:.././simpleserial/simpleserial.c **** 	uint8_t data_buf[MAX_SS_LEN];
 784              		.loc 1 362 2 view .LVU198
 363:.././simpleserial/simpleserial.c **** 	char c;
 785              		.loc 1 363 2 view .LVU199
 364:.././simpleserial/simpleserial.c **** 
 786              		.loc 1 364 2 view .LVU200
 367:.././simpleserial/simpleserial.c **** 
 787              		.loc 1 367 2 view .LVU201
 361:.././simpleserial/simpleserial.c **** 	char ascii_buf[2*MAX_SS_LEN];
 788              		.loc 1 361 1 is_stmt 0 view .LVU202
 789 0000 F0B5     		push	{r4, r5, r6, r7, lr}
 790              	.LCFI9:
 791              		.cfi_def_cfa_offset 20
 792              		.cfi_offset 4, -20
 793              		.cfi_offset 5, -16
 794              		.cfi_offset 6, -12
 795              		.cfi_offset 7, -8
 796              		.cfi_offset 14, -4
 370:.././simpleserial/simpleserial.c **** 	{
 797              		.loc 1 370 10 view .LVU203
 798 0002 0025     		movs	r5, #0
 361:.././simpleserial/simpleserial.c **** 	char ascii_buf[2*MAX_SS_LEN];
 799              		.loc 1 361 1 view .LVU204
 800 0004 2F4C     		ldr	r4, .L73
 801 0006 A544     		add	sp, sp, r4
 802              	.LCFI10:
 803              		.cfi_def_cfa_offset 800
 367:.././simpleserial/simpleserial.c **** 
 804              		.loc 1 367 6 view .LVU205
 805 0008 FFF7FEFF 		bl	getch
 806              	.LVL63:
 369:.././simpleserial/simpleserial.c **** 	for(cmd = 0; cmd < num_commands; cmd++)
 807              		.loc 1 369 2 is_stmt 1 view .LVU206
 370:.././simpleserial/simpleserial.c **** 	{
 808              		.loc 1 370 2 view .LVU207
 370:.././simpleserial/simpleserial.c **** 	{
 809              		.loc 1 370 19 is_stmt 0 discriminator 1 view .LVU208
 810 000c 2E4B     		ldr	r3, .L73+4
 372:.././simpleserial/simpleserial.c **** 			break;
 811              		.loc 1 372 19 view .LVU209
 812 000e 2F49     		ldr	r1, .L73+8
 370:.././simpleserial/simpleserial.c **** 	{
 813              		.loc 1 370 19 discriminator 1 view .LVU210
 814 0010 1A68     		ldr	r2, [r3]
 815              	.LVL64:
 816              	.L50:
 370:.././simpleserial/simpleserial.c **** 	{
 817              		.loc 1 370 19 is_stmt 1 discriminator 1 view .LVU211
 818 0012 AA42     		cmp	r2, r5
 819 0014 45DC     		bgt	.L52
 377:.././simpleserial/simpleserial.c **** 		return;
 820              		.loc 1 377 2 view .LVU212
 377:.././simpleserial/simpleserial.c **** 		return;
 821              		.loc 1 377 4 is_stmt 0 view .LVU213
 822 0016 40D0     		beq	.L49
 823              	.L51:
 381:.././simpleserial/simpleserial.c **** 	{
 824              		.loc 1 381 2 is_stmt 1 view .LVU214
 381:.././simpleserial/simpleserial.c **** 	{
 825              		.loc 1 381 5 is_stmt 0 view .LVU215
 826 0018 0127     		movs	r7, #1
 381:.././simpleserial/simpleserial.c **** 	{
 827              		.loc 1 381 20 view .LVU216
 828 001a 2C4C     		ldr	r4, .L73+8
 829 001c 2D01     		lsls	r5, r5, #4
 830              	.LVL65:
 381:.././simpleserial/simpleserial.c **** 	{
 831              		.loc 1 381 20 view .LVU217
 832 001e 6619     		adds	r6, r4, r5
 381:.././simpleserial/simpleserial.c **** 	{
 833              		.loc 1 381 5 view .LVU218
 834 0020 337B     		ldrb	r3, [r6, #12]
 835 0022 3B42     		tst	r3, r7
 836 0024 1AD0     		beq	.L54
 837              	.LBB16:
 383:.././simpleserial/simpleserial.c **** 		char buff[2];
 838              		.loc 1 383 3 is_stmt 1 view .LVU219
 383:.././simpleserial/simpleserial.c **** 		char buff[2];
 839              		.loc 1 383 11 is_stmt 0 view .LVU220
 840 0026 0023     		movs	r3, #0
 841 0028 6A46     		mov	r2, sp
 842 002a 1372     		strb	r3, [r2, #8]
 384:.././simpleserial/simpleserial.c **** 		buff[0] = getch();
 843              		.loc 1 384 3 is_stmt 1 view .LVU221
 385:.././simpleserial/simpleserial.c **** 		buff[1] = getch();
 844              		.loc 1 385 3 view .LVU222
 385:.././simpleserial/simpleserial.c **** 		buff[1] = getch();
 845              		.loc 1 385 13 is_stmt 0 view .LVU223
 846 002c FFF7FEFF 		bl	getch
 847              	.LVL66:
 385:.././simpleserial/simpleserial.c **** 		buff[1] = getch();
 848              		.loc 1 385 11 discriminator 1 view .LVU224
 849 0030 8422     		movs	r2, #132
 850 0032 6B46     		mov	r3, sp
 851 0034 5200     		lsls	r2, r2, #1
 852 0036 9B18     		adds	r3, r3, r2
 853 0038 1870     		strb	r0, [r3]
 386:.././simpleserial/simpleserial.c **** 		if (hex_decode(1, buff, &l))
 854              		.loc 1 386 3 is_stmt 1 view .LVU225
 386:.././simpleserial/simpleserial.c **** 		if (hex_decode(1, buff, &l))
 855              		.loc 1 386 13 is_stmt 0 view .LVU226
 856 003a FFF7FEFF 		bl	getch
 857              	.LVL67:
 386:.././simpleserial/simpleserial.c **** 		if (hex_decode(1, buff, &l))
 858              		.loc 1 386 11 discriminator 1 view .LVU227
 859 003e 0A22     		movs	r2, #10
 860 0040 6B46     		mov	r3, sp
 861 0042 FF32     		adds	r2, r2, #255
 862 0044 9B18     		adds	r3, r3, r2
 863 0046 1870     		strb	r0, [r3]
 387:.././simpleserial/simpleserial.c **** 			return;
 864              		.loc 1 387 3 is_stmt 1 view .LVU228
 387:.././simpleserial/simpleserial.c **** 			return;
 865              		.loc 1 387 7 is_stmt 0 view .LVU229
 866 0048 02AA     		add	r2, sp, #8
 867 004a 3800     		movs	r0, r7
 868 004c 42A9     		add	r1, sp, #264
 869 004e FFF7FEFF 		bl	hex_decode
 870              	.LVL68:
 387:.././simpleserial/simpleserial.c **** 			return;
 871              		.loc 1 387 6 discriminator 1 view .LVU230
 872 0052 0028     		cmp	r0, #0
 873 0054 21D1     		bne	.L49
 389:.././simpleserial/simpleserial.c **** 	}
 874              		.loc 1 389 3 is_stmt 1 view .LVU231
 389:.././simpleserial/simpleserial.c **** 	}
 875              		.loc 1 389 21 is_stmt 0 view .LVU232
 876 0056 6B46     		mov	r3, sp
 877 0058 1B7A     		ldrb	r3, [r3, #8]
 878 005a 7360     		str	r3, [r6, #4]
 879              	.L54:
 880              	.LBE16:
 370:.././simpleserial/simpleserial.c **** 	{
 881              		.loc 1 370 10 view .LVU233
 882 005c 0026     		movs	r6, #0
 883              	.LVL69:
 884              	.L57:
 885              	.LBB17:
 393:.././simpleserial/simpleserial.c **** 	{
 886              		.loc 1 393 19 is_stmt 1 discriminator 1 view .LVU234
 393:.././simpleserial/simpleserial.c **** 	{
 887              		.loc 1 393 36 is_stmt 0 discriminator 1 view .LVU235
 888 005e 6319     		adds	r3, r4, r5
 393:.././simpleserial/simpleserial.c **** 	{
 889              		.loc 1 393 22 discriminator 1 view .LVU236
 890 0060 5B68     		ldr	r3, [r3, #4]
 891 0062 5B00     		lsls	r3, r3, #1
 393:.././simpleserial/simpleserial.c **** 	{
 892              		.loc 1 393 19 discriminator 1 view .LVU237
 893 0064 B342     		cmp	r3, r6
 894 0066 22D8     		bhi	.L58
 895              	.LBE17:
 405:.././simpleserial/simpleserial.c **** 	if(c != '\n' && c != '\r')
 896              		.loc 1 405 2 is_stmt 1 view .LVU238
 405:.././simpleserial/simpleserial.c **** 	if(c != '\n' && c != '\r')
 897              		.loc 1 405 6 is_stmt 0 view .LVU239
 898 0068 FFF7FEFF 		bl	getch
 899              	.LVL70:
 406:.././simpleserial/simpleserial.c **** 		return;
 900              		.loc 1 406 2 is_stmt 1 view .LVU240
 406:.././simpleserial/simpleserial.c **** 		return;
 901              		.loc 1 406 4 is_stmt 0 view .LVU241
 902 006c 0A28     		cmp	r0, #10
 903 006e 01D0     		beq	.L59
 406:.././simpleserial/simpleserial.c **** 		return;
 904              		.loc 1 406 15 discriminator 1 view .LVU242
 905 0070 0D28     		cmp	r0, #13
 906 0072 12D1     		bne	.L49
 907              	.L59:
 411:.././simpleserial/simpleserial.c **** 		return;
 908              		.loc 1 411 2 is_stmt 1 view .LVU243
 411:.././simpleserial/simpleserial.c **** 		return;
 909              		.loc 1 411 29 is_stmt 0 view .LVU244
 910 0074 6419     		adds	r4, r4, r5
 911 0076 6568     		ldr	r5, [r4, #4]
 411:.././simpleserial/simpleserial.c **** 		return;
 912              		.loc 1 411 5 view .LVU245
 913 0078 02AA     		add	r2, sp, #8
 914 007a 2800     		movs	r0, r5
 915              	.LVL71:
 411:.././simpleserial/simpleserial.c **** 		return;
 916              		.loc 1 411 5 view .LVU246
 917 007c 42A9     		add	r1, sp, #264
 918 007e FFF7FEFF 		bl	hex_decode
 919              	.LVL72:
 411:.././simpleserial/simpleserial.c **** 		return;
 920              		.loc 1 411 4 discriminator 1 view .LVU247
 921 0082 0028     		cmp	r0, #0
 922 0084 09D1     		bne	.L49
 415:.././simpleserial/simpleserial.c **** 	ret[0] = commands[cmd].fp(data_buf, commands[cmd].len);
 923              		.loc 1 415 2 is_stmt 1 view .LVU248
 416:.././simpleserial/simpleserial.c **** 
 924              		.loc 1 416 2 view .LVU249
 416:.././simpleserial/simpleserial.c **** 
 925              		.loc 1 416 11 is_stmt 0 view .LVU250
 926 0086 E9B2     		uxtb	r1, r5
 927 0088 A368     		ldr	r3, [r4, #8]
 928 008a 02A8     		add	r0, sp, #8
 929 008c 9847     		blx	r3
 930              	.LVL73:
 416:.././simpleserial/simpleserial.c **** 
 931              		.loc 1 416 9 discriminator 1 view .LVU251
 932 008e 01AA     		add	r2, sp, #4
 933 0090 1070     		strb	r0, [r2]
 420:.././simpleserial/simpleserial.c **** #endif
 934              		.loc 1 420 2 is_stmt 1 view .LVU252
 935 0092 0121     		movs	r1, #1
 936 0094 7A20     		movs	r0, #122
 937 0096 FFF7FEFF 		bl	simpleserial_put
 938              	.LVL74:
 939              	.L49:
 422:.././simpleserial/simpleserial.c **** 
 940              		.loc 1 422 1 is_stmt 0 view .LVU253
 941 009a C323     		movs	r3, #195
 942 009c 9B00     		lsls	r3, r3, #2
 943 009e 9D44     		add	sp, sp, r3
 944              		@ sp needed
 945 00a0 F0BD     		pop	{r4, r5, r6, r7, pc}
 946              	.LVL75:
 947              	.L52:
 372:.././simpleserial/simpleserial.c **** 			break;
 948              		.loc 1 372 3 is_stmt 1 view .LVU254
 372:.././simpleserial/simpleserial.c **** 			break;
 949              		.loc 1 372 19 is_stmt 0 view .LVU255
 950 00a2 2C01     		lsls	r4, r5, #4
 372:.././simpleserial/simpleserial.c **** 			break;
 951              		.loc 1 372 5 view .LVU256
 952 00a4 0C5D     		ldrb	r4, [r1, r4]
 953 00a6 8442     		cmp	r4, r0
 954 00a8 B6D0     		beq	.L51
 370:.././simpleserial/simpleserial.c **** 	{
 955              		.loc 1 370 38 is_stmt 1 discriminator 2 view .LVU257
 956 00aa 0135     		adds	r5, r5, #1
 957              	.LVL76:
 370:.././simpleserial/simpleserial.c **** 	{
 958              		.loc 1 370 38 is_stmt 0 discriminator 2 view .LVU258
 959 00ac B1E7     		b	.L50
 960              	.LVL77:
 961              	.L58:
 962              	.LBB18:
 395:.././simpleserial/simpleserial.c **** 
 963              		.loc 1 395 3 is_stmt 1 view .LVU259
 395:.././simpleserial/simpleserial.c **** 
 964              		.loc 1 395 7 is_stmt 0 view .LVU260
 965 00ae FFF7FEFF 		bl	getch
 966              	.LVL78:
 398:.././simpleserial/simpleserial.c **** 			return;
 967              		.loc 1 398 3 is_stmt 1 view .LVU261
 398:.././simpleserial/simpleserial.c **** 			return;
 968              		.loc 1 398 5 is_stmt 0 view .LVU262
 969 00b2 0A28     		cmp	r0, #10
 970 00b4 F1D0     		beq	.L49
 398:.././simpleserial/simpleserial.c **** 			return;
 971              		.loc 1 398 16 discriminator 1 view .LVU263
 972 00b6 0D28     		cmp	r0, #13
 973 00b8 EFD0     		beq	.L49
 401:.././simpleserial/simpleserial.c **** 	}
 974              		.loc 1 401 3 is_stmt 1 view .LVU264
 401:.././simpleserial/simpleserial.c **** 	}
 975              		.loc 1 401 16 is_stmt 0 view .LVU265
 976 00ba 42AB     		add	r3, sp, #264
 977 00bc F054     		strb	r0, [r6, r3]
 393:.././simpleserial/simpleserial.c **** 	{
 978              		.loc 1 393 43 is_stmt 1 discriminator 2 view .LVU266
 979 00be 0136     		adds	r6, r6, #1
 980              	.LVL79:
 393:.././simpleserial/simpleserial.c **** 	{
 981              		.loc 1 393 43 is_stmt 0 discriminator 2 view .LVU267
 982 00c0 CDE7     		b	.L57
 983              	.L74:
 984 00c2 C046     		.align	2
 985              	.L73:
 986 00c4 F4FCFFFF 		.word	-780
 987 00c8 00000000 		.word	.LANCHOR0
 988 00cc 04000000 		.word	commands
 989              	.LBE18:
 990              		.cfi_endproc
 991              	.LFE10:
 993              		.section	.rodata
 994              		.set	.LANCHOR1,. + 0
 997              	hex_lookup:
 998 0000 30313233 		.ascii	"0123456789ABCDEF"
 998      34353637 
 998      38394142 
 998      43444546 
 999              		.bss
 1000              		.align	2
 1001              		.set	.LANCHOR0,. + 0
 1004              	num_commands:
 1005 0000 00000000 		.space	4
 1008              	commands:
 1009 0004 00000000 		.space	256
 1009      00000000 
 1009      00000000 
 1009      00000000 
 1009      00000000 
 1010              		.text
 1011              	.Letext0:
 1012              		.file 3 "/Applications/ArmGNUToolchain/13.2.Rel1/arm-none-eabi/arm-none-eabi/include/machine/_defa
 1013              		.file 4 "/Applications/ArmGNUToolchain/13.2.Rel1/arm-none-eabi/arm-none-eabi/include/sys/_stdint.h
 1014              		.file 5 ".././hal/stm32f0/stm32f0_hal.h"
DEFINED SYMBOLS
                            *ABS*:00000000 simpleserial.c
/var/folders/9f/5d0dy5x17vxf84ddjfcw5h2r0000gp/T//ccfRAl4V.s:19     .text.check_version:00000000 $t
/var/folders/9f/5d0dy5x17vxf84ddjfcw5h2r0000gp/T//ccfRAl4V.s:25     .text.check_version:00000000 check_version
/var/folders/9f/5d0dy5x17vxf84ddjfcw5h2r0000gp/T//ccfRAl4V.s:44     .text.led_ok:00000000 $t
/var/folders/9f/5d0dy5x17vxf84ddjfcw5h2r0000gp/T//ccfRAl4V.s:50     .text.led_ok:00000000 led_ok
/var/folders/9f/5d0dy5x17vxf84ddjfcw5h2r0000gp/T//ccfRAl4V.s:64     .text.led_error:00000000 $t
/var/folders/9f/5d0dy5x17vxf84ddjfcw5h2r0000gp/T//ccfRAl4V.s:70     .text.led_error:00000000 led_error
/var/folders/9f/5d0dy5x17vxf84ddjfcw5h2r0000gp/T//ccfRAl4V.s:85     .text.ss_crc:00000000 $t
/var/folders/9f/5d0dy5x17vxf84ddjfcw5h2r0000gp/T//ccfRAl4V.s:91     .text.ss_crc:00000000 ss_crc
/var/folders/9f/5d0dy5x17vxf84ddjfcw5h2r0000gp/T//ccfRAl4V.s:171    .text.hex_decode:00000000 $t
/var/folders/9f/5d0dy5x17vxf84ddjfcw5h2r0000gp/T//ccfRAl4V.s:177    .text.hex_decode:00000000 hex_decode
/var/folders/9f/5d0dy5x17vxf84ddjfcw5h2r0000gp/T//ccfRAl4V.s:351    .text.simpleserial_addcmd_flags:00000000 $t
/var/folders/9f/5d0dy5x17vxf84ddjfcw5h2r0000gp/T//ccfRAl4V.s:357    .text.simpleserial_addcmd_flags:00000000 simpleserial_addcmd_flags
/var/folders/9f/5d0dy5x17vxf84ddjfcw5h2r0000gp/T//ccfRAl4V.s:421    .text.simpleserial_addcmd_flags:00000028 $d
/var/folders/9f/5d0dy5x17vxf84ddjfcw5h2r0000gp/T//ccfRAl4V.s:1008   .bss:00000004 commands
/var/folders/9f/5d0dy5x17vxf84ddjfcw5h2r0000gp/T//ccfRAl4V.s:427    .text.simpleserial_addcmd:00000000 $t
/var/folders/9f/5d0dy5x17vxf84ddjfcw5h2r0000gp/T//ccfRAl4V.s:433    .text.simpleserial_addcmd:00000000 simpleserial_addcmd
/var/folders/9f/5d0dy5x17vxf84ddjfcw5h2r0000gp/T//ccfRAl4V.s:460    .text.simpleserial_init:00000000 $t
/var/folders/9f/5d0dy5x17vxf84ddjfcw5h2r0000gp/T//ccfRAl4V.s:466    .text.simpleserial_init:00000000 simpleserial_init
/var/folders/9f/5d0dy5x17vxf84ddjfcw5h2r0000gp/T//ccfRAl4V.s:505    .text.simpleserial_init:00000024 $d
/var/folders/9f/5d0dy5x17vxf84ddjfcw5h2r0000gp/T//ccfRAl4V.s:665    .text.ss_get_commands:00000000 ss_get_commands
/var/folders/9f/5d0dy5x17vxf84ddjfcw5h2r0000gp/T//ccfRAl4V.s:611    .text.ss_num_commands:00000000 ss_num_commands
/var/folders/9f/5d0dy5x17vxf84ddjfcw5h2r0000gp/T//ccfRAl4V.s:512    .text.simpleserial_put:00000000 $t
/var/folders/9f/5d0dy5x17vxf84ddjfcw5h2r0000gp/T//ccfRAl4V.s:518    .text.simpleserial_put:00000000 simpleserial_put
/var/folders/9f/5d0dy5x17vxf84ddjfcw5h2r0000gp/T//ccfRAl4V.s:599    .text.simpleserial_put:00000034 $d
/var/folders/9f/5d0dy5x17vxf84ddjfcw5h2r0000gp/T//ccfRAl4V.s:605    .text.ss_num_commands:00000000 $t
/var/folders/9f/5d0dy5x17vxf84ddjfcw5h2r0000gp/T//ccfRAl4V.s:654    .text.ss_num_commands:00000018 $d
/var/folders/9f/5d0dy5x17vxf84ddjfcw5h2r0000gp/T//ccfRAl4V.s:659    .text.ss_get_commands:00000000 $t
/var/folders/9f/5d0dy5x17vxf84ddjfcw5h2r0000gp/T//ccfRAl4V.s:765    .text.ss_get_commands:00000048 $d
/var/folders/9f/5d0dy5x17vxf84ddjfcw5h2r0000gp/T//ccfRAl4V.s:772    .text.simpleserial_get:00000000 $t
/var/folders/9f/5d0dy5x17vxf84ddjfcw5h2r0000gp/T//ccfRAl4V.s:778    .text.simpleserial_get:00000000 simpleserial_get
/var/folders/9f/5d0dy5x17vxf84ddjfcw5h2r0000gp/T//ccfRAl4V.s:986    .text.simpleserial_get:000000c4 $d
/var/folders/9f/5d0dy5x17vxf84ddjfcw5h2r0000gp/T//ccfRAl4V.s:997    .rodata:00000000 hex_lookup
/var/folders/9f/5d0dy5x17vxf84ddjfcw5h2r0000gp/T//ccfRAl4V.s:1000   .bss:00000000 $d
/var/folders/9f/5d0dy5x17vxf84ddjfcw5h2r0000gp/T//ccfRAl4V.s:1004   .bss:00000000 num_commands

UNDEFINED SYMBOLS
putch
getch
